Initializing I2C devices...
Testing device connections...
MPU6050 connection successful

Send any character to begin DMP programming and demo: 
Initializing DMP...
Enabling DMP...
Enabling interrupt detection (Arduino external interrupt 0)...
DMP ready! Waiting for first interrupt...
Checking gyroscope stability ...
Reseting stability count.
> -0.12, 0.70, 8.84, 0.00, 0.00, 0.00, 25, 25, 25, 25, cy: 1
Checking gyroscope stability ...
Reseting stability count.
> 0.65, -1.32, 23.38, 0.00, 0.00, 0.00, 25, 25, 25, 25, cy: 135
Checking gyroscope stability ...
Reseting stability count.
> 2.91, -5.05, 52.98, 0.00, 0.00, 0.00, 25, 25, 25, 25, cy: 278
Checking gyroscope stability ...
Reseting stability count.
> 8.48, -7.30, 78.66, 0.00, 0.00, 0.00, 25, 25, 25, 25, cy: 421
Checking gyroscope stability ...
Reseting stability count.
> 14.11, -4.59, 39.73, 0.00, 0.00, 0.00, 25, 25, 25, 25, cy: 565
Checking gyroscope stability ...
Reseting stability count.
> 16.85, -1.21, 16.31, 0.00, 0.00, 0.00, 25, 25, 25, 25, cy: 707
Checking gyroscope stability ...
Reseting stability count.
> 18.21, 0.81, 4.86, 0.00, 0.00, 0.00, 25, 25, 25, 25, cy: 849
Checking gyroscope stability ...
Reseting stability count.
> 19.17, 1.84, -0.50, 0.00, 0.00, 0.00, 25, 25, 25, 25, cy: 990
Checking gyroscope stability ...
Reseting stability count.
> 20.03, 2.36, -3.01, 0.00, 0.00, 0.00, 25, 25, 25, 25, cy: 1132
Checking gyroscope stability ...
Reseting stability count.
> 20.85, 2.62, -4.17, 0.00, 0.00, 0.00, 25, 25, 25, 25, cy: 1275
Checking gyroscope stability ...
Reseting stability count.
> 21.65, 2.76, -4.71, 0.00, 0.00, 0.00, 25, 25, 25, 25, cy: 1418
Checking gyroscope stability ...
Reseting stability count.
> 22.44, 2.82, -4.98, 0.00, 0.00, 0.00, 25, 25, 25, 25, cy: 1561
Checking gyroscope stability ...
Reseting stability count.
> 23.24, 2.84, -5.09, 0.00, 0.00, 0.00, 25, 25, 25, 25, cy: 1705
Checking gyroscope stability ...
Reseting stability count.
> 24.04, 2.86, -5.15, 0.00, 0.00, 0.00, 25, 25, 25, 25, cy: 1847
Checking gyroscope stability ...
Reseting stability count.
> 24.76, 2.69, -4.82, 0.00, 0.00, 0.00, 25, 25, 25, 25, cy: 1988
Checking gyroscope stability ...
Reseting stability count.
> 24.76, 1.34, -2.16, 0.00, 0.00, 0.00, 25, 25, 25, 25, cy: 2129
Checking gyroscope stability ...
Reseting stability count.
> 24.77, 0.70, -0.93, 0.00, 0.00, 0.00, 25, 25, 25, 25, cy: 2267
FIFO overflow!
Checking gyroscope stability ...
Reseting stability count.
> 24.78, 0.36, -0.25, 0.00, 0.00, 0.00, 25, 25, 25, 25, cy: 2365
Checking gyroscope stability ...
Reseting stability count.
> 24.78, 0.23, -0.01, 0.00, 0.00, 0.00, 25, 25, 25, 25, cy: 2505
Checking gyroscope stability ...
Reseting stability count.
> 24.79, 0.18, 0.10, 0.00, 0.00, 0.00, 25, 25, 25, 25, cy: 2645
Checking gyroscope stability ...
Reseting stability count.
> 24.80, 0.15, 0.15, 0.00, 0.00, 0.00, 25, 25, 25, 25, cy: 2784
Checking gyroscope stability ...
Reseting stability count.
> 24.80, 0.14, 0.17, 0.00, 0.00, 0.00, 25, 25, 25, 25, cy: 2921
Checking gyroscope stability ...
Reseting stability count.
> 24.80, 0.13, 0.15, 0.00, 0.00, 0.00, 25, 25, 25, 25, cy: 3058
Checking gyroscope stability ...
Reseting stability count.
> 24.80, 0.13, 0.12, 0.00, 0.00, 0.00, 25, 25, 25, 25, cy: 3194
Checking gyroscope stability ...
> 24.78, 0.13, 0.11, 0.00, 0.00, 0.00, 25, 25, 25, 25, cy: 3333
Checking gyroscope stability ...
> 24.78, 0.13, 0.11, 0.00, 0.00, 0.00, 25, 25, 25, 25, cy: 3473
Checking gyroscope stability ...
> 24.77, 0.12, 0.10, 0.00, 0.00, 0.00, 25, 25, 25, 25, cy: 3613
Checking gyroscope stability ...
> 24.77, 0.13, 0.11, 0.00, 0.00, 0.00, 25, 25, 25, 25, cy: 3754
Checking gyroscope stability ...
> 24.77, 0.11, 0.10, 0.00, 0.00, 0.00, 25, 25, 25, 25, cy: 3893
Checking gyroscope stability ...
ALL GYROSCOPE GIMBALS STEADY: ready for takeoff.
> 24.76, 0.12, 0.11, -20.00, -8.00, -8.00, 25, 25, 25, 25, cy: 4031
> 24.75, 0.13, 0.11, 0.01, -0.01, 0.00, 25, 25, 25, 25, cy: 4162
> 24.75, 0.13, 0.11, 0.03, -0.04, 0.01, 25, 25, 25, 25, cy: 4305
ac
Out of process cmd: ac
13
ATTITUDE CONTROL ENABLED
l30
Out of process cmd: l30
4
LIFT: l30
> 24.74, 0.08, 0.06, 0.03, 3.05, -0.70, 58, 58, 52, 52, cy: 4452
> 23.34, 0.30, 0.27, 2.32, -0.17, -0.07, 57, 53, 53, 57, cy: 4594
> 21.70, 0.05, 0.09, 6.40, -8.00, -8.00, 45, 49, 49, 77, cy: 4737
> 22.10, -0.00, -0.06, 14.58, 0.61, 0.78, 69, 41, 41, 69, cy: 4882
> 23.36, -0.08, -0.17, 17.95, 1.14, 1.55, 74, 38, 38, 70, cy: 5026
> 25.22, -0.41, -0.33, 16.95, 8.00, -8.00, 71, 55, 23, 71, cy: 5170
> 27.26, -0.14, -0.26, 11.68, 2.04, 2.61, 70, 44, 44, 62, cy: 5312
> 27.48, 0.01, -0.18, 7.86, -8.00, -8.00, 46, 48, 48, 78, cy: 5457
> 28.22, 0.18, 0.02, -2.05, -8.00, -8.00, 37, 57, 57, 69, cy: 5600
> 28.81, -0.05, -0.16, -10.27, 1.06, 2.70, 48, 64, 66, 42, cy: 5744
l35
Out of process cmd: l35
4
LIFT: l35
> 27.26, -0.17, -0.19, 5.70, 0.08, 2.74, 67, 53, 57, 63, cy: 5889
> 22.29, 0.05, -0.08, -12.23, 1.64, 3.58, 52, 70, 74, 44, cy: 6032
> 17.95, 0.36, 0.25, -4.63, 2.62, 0.29, 58, 66, 62, 54, cy: 6177
> 19.37, 0.40, 0.29, 10.80, -8.00, -6.00, 56, 48, 52, 84, cy: 6321
> 22.04, 0.40, 0.34, 7.65, 5.79, 6.72, 78, 52, 54, 56, cy: 6465
> 25.75, -0.53, -0.34, 15.19, 8.00, 8.00, 91, 45, 45, 59, cy: 6608
l37
Out of process cmd: l37
4
LIFT: l37
> 28.65, -0.22, -0.14, 9.70, 2.29, 3.66, 76, 52, 54, 66, cy: 6750
> 29.14, -0.04, -0.21, 0.14, 2.04, 3.57, 67, 61, 63, 57, cy: 6893
> 27.56, -0.03, -0.17, -6.73, 1.88, 3.81, 60, 66, 70, 52, cy: 7035
> 28.28, 0.34, 0.27, -13.85, 1.19, 3.42, 53, 73, 77, 45, cy: 7178
> 25.91, 0.33, 0.17, 3.66, 0.15, 6.32, 71, 53, 65, 59, cy: 7321
> 17.96, -0.19, -0.17, -0.56, 1.57, 4.52, 67, 59, 65, 57, cy: 7467
> 17.30, -0.37, -0.64, 15.58, 1.58, 3.92, 81, 45, 49, 73, cy: 7610
> 23.22, 0.53, 0.32, 10.90, -8.00, -8.00, 56, 52, 52, 88, cy: 7756
l39
Out of process cmd: l39
4
LIFT: l39
> 27.63, 0.72, 1.11, -14.70, 8.00, -8.00, 50, 94, 62, 50, cy: 7897
> 30.80, 0.38, 0.10, 0.88, -0.32, 3.42, 67, 61, 67, 61, cy: 8037
> 30.25, 0.02, -0.22, 0.05, -8.00, -5.09, 51, 61, 67, 77, cy: 8180
> 26.27, -0.07, -0.41, -15.26, -0.45, 4.37, 53, 75, 83, 45, cy: 8324
> 23.08, -0.10, -0.45, -11.59, -0.52, 4.97, 57, 71, 79, 49, cy: 8468
> 20.48, 0.49, 0.30, -0.51, -1.36, 4.82, 67, 59, 69, 61, cy: 8611
> 21.37, 0.44, 0.40, 6.84, -8.00, -8.00, 54, 58, 58, 86, cy: 8755
> 22.19, 0.69, 0.35, 18.94, -8.00, 4.26, 78, 34, 58, 86, cy: 8896
> 25.05, 0.28, -0.02, 11.72, -3.25, 4.38, 76, 46, 60, 74, cy: 9039
> 25.43, -0.13, -0.33, 9.97, -3.04, 5.25, 75, 47, 63, 71, cy: 9181
l41
Out of process cmd: l41
4
LIFT: l41
> 26.60, 0.19, 0.17, 7.18, 6.69, 8.00, 87, 57, 61, 59, cy: 9326
> 26.56, 0.26, 0.08, 9.90, 8.00, 8.00, 91, 57, 57, 59, cy: 9470
> 24.41, 0.83, 2.26, 2.24, -3.97, 2.13, 67, 59, 69, 69, cy: 9613
> 21.45, -0.21, -0.49, 20.00, -8.00, -8.00, 70, 46, 46, 102, cy: 9755
> 21.74, -0.90, 0.67, 12.49, -1.54, 2.25, 79, 51, 57, 77, cy: 9898
> 26.64, 0.18, -0.14, 7.23, 0.04, -0.20, 73, 59, 59, 73, cy: 10042
> -10.21, -3.94, -2.87, 20.00, -1.92, 8.00, 93, 37, 55, 79, cy: 10187
> -1.33, -0.02, 10.33, 20.00, 7.27, -6.60, 87, 59, 33, 85, cy: 10329
> 10.90, 0.53, 3.80, 7.39, 2.32, -8.00, 67, 69, 49, 79, cy: 10472
> 19.02, -0.23, -0.13, -8.40, -8.00, -8.00, 42, 74, 74, 74, cy: 10614
> 27.09, 0.67, 0.44, 17.86, -8.00, 0.43, 75, 41, 57, 91, cy: 10754
> 31.38, 0.09, -0.20, -2.66, 0.15, -7.65, 57, 75, 61, 71, cy: 10897
> 31.89, 0.17, -0.20, -14.85, 1.59, -2.05, 51, 83, 77, 53, cy: 11043
> 26.24, 0.27, -0.60, 7.38, 8.00, 8.00, 89, 59, 59, 57, cy: 11185
> 19.22, 1.46, 1.09, -20.00, -8.00, -7.71, 31, 85, 87, 61, cy: 11328
> 22.47, -0.57, -1.17, 19.35, 8.00, 8.00, 101, 47, 47, 69, cy: 11470
> 21.92, 0.19, -0.12, 11.13, -8.00, -5.13, 64, 52, 58, 90, cy: 11612
> 22.22, -0.20, -0.46, 13.74, -4.59, -8.00, 67, 57, 49, 91, cy: 11755
> 23.51, -0.29, -0.21, 4.38, 1.71, -8.00, 63, 71, 53, 77, cy: 11897
> 28.68, 0.59, 0.89, 3.34, -8.00, -8.00, 53, 63, 63, 85, cy: 12041
> 26.37, 0.21, 0.04, -6.19, 6.12, 6.29, 72, 72, 72, 48, cy: 12185
> 28.95, -0.20, -0.19, 12.56, 0.41, -6.11, 72, 60, 48, 84, cy: 12329
> 23.23, 0.38, 0.14, 6.22, 4.24, 8.00, 84, 56, 64, 60, cy: 12471
> 24.89, 0.33, -0.08, 4.11, -2.60, 5.81, 73, 55, 69, 67, cy: 12615
> 25.07, -0.24, -0.45, 2.01, -6.23, -1.29, 61, 59, 69, 75, cy: 12759
> 25.78, 0.43, -0.01, -20.00, -1.90, -0.14, 45, 85, 87, 47, cy: 12902
> 20.50, -0.74, -0.73, 2.82, -4.86, -4.65, 60, 64, 64, 76, cy: 13046
f
Out of process cmd: f
6
FSTOP
> 22.44, 0.31, -0.32, 2.24, -0.95, 1.65, 34, 16, 20, 30, cy: 13189
> 22.41, 0.25, -0.21, 3.64, -5.69, -0.01, 34, 16, 20, 30, cy: 13334
> 22.39, 0.21, -0.17, 3.04, -7.84, 0.15, 34, 16, 20, 30, cy: 13478
> 22.37, 0.20, -0.15, 2.49, -8.00, -2.50, 34, 16, 20, 30, cy: 13622
> 22.34, 0.21, -0.14, 1.99, -8.00, -3.85, 34, 16, 20, 30, cy: 13769
> 22.31, 0.20, -0.12, 1.56, -8.00, -5.23, 34, 16, 20, 30, cy: 13915
> 22.27, 0.19, -0.13, 1.21, -8.00, -6.60, 34, 16, 20, 30, cy: 14060
> 22.24, 0.19, -0.13, 0.93, -8.00, -7.96, 34, 16, 20, 30, cy: 14204
> 22.23, 0.19, -0.12, 0.68, -8.00, -8.00, 34, 16, 20, 30, cy: 14349
> 22.24, 0.19, -0.11, 0.40, -8.00, -8.00, 34, 16, 20, 30, cy: 14492
> 22.25, 0.18, -0.11, 0.11, -7.25, -8.00, 34, 16, 20, 30, cy: 14638
> 22.26, 0.17, -0.10, -0.22, -8.00, -8.00, 34, 16, 20, 30, cy: 14783
> 22.27, 0.18, -0.11, -0.55, -8.00, -8.00, 34, 16, 20, 30, cy: 14926
> 22.28, 0.18, -0.11, -0.91, -8.00, -8.00, 34, 16, 20, 30, cy: 15071
> 22.28, 0.18, -0.11, -0.49, -8.00, -8.00, 34, 16, 20, 30, cy: 15214
> 22.30, 0.19, -0.11, -1.69, -8.00, -8.00, 34, 16, 20, 30, cy: 15358
> 22.30, 0.19, -0.11, -2.10, -8.00, -8.00, 34, 16, 20, 30, cy: 15502
sd35
Out of process cmd: sd35
3
LIFT: sd35
35
D single
sc
Out of process cmd: sc
3
LIFT: sc
0
C single
> 22.30, 0.18, -0.11, -3.76, -7.52, -6.85, 34, 16, 20, 65, cy: 15646
35
Out of process cmd: 35
0
nop
> 22.28, 0.13, -0.18, -2.86, -8.00, -8.00, 34, 16, 20, 65, cy: 15790
> 22.28, 0.13, -0.20, -3.22, -8.00, -8.00, 34, 16, 20, 65, cy: 15931
> 22.27, 0.11, -0.21, -3.56, -8.00, -8.00, 34, 16, 20, 65, cy: 16075
> 22.27, 0.19, -0.06, -3.90, -8.00, -8.00, 34, 16, 20, 65, cy: 16217
> 22.26, 0.21, -0.04, -4.21, -6.18, -6.65, 34, 16, 20, 65, cy: 16361
> 22.24, 0.20, -0.05, -4.49, -8.00, -8.00, 34, 16, 20, 65, cy: 16505
> 22.23, 0.18, -0.10, -3.48, -8.00, -8.00, 34, 16, 20, 65, cy: 16648
> 22.22, 0.23, 0.00, -4.99, -8.00, -8.00, 34, 16, 20, 65, cy: 16791
> 22.21, 0.13, -0.15, -5.18, -5.26, -3.53, 34, 16, 20, 65, cy: 16934
sd35
Out of process cmd: sd35
3
LIFT: sd35
35
D single
> 22.19, 0.11, -0.23, -5.36, -8.00, -8.00, 34, 16, 20, 65, cy: 17077
sc35
Out of process cmd: sc35
3
LIFT: sc35
35
C single
> 22.18, 0.18, -0.11, -5.51, -8.00, -4.64, 34, 16, 55, 65, cy: 17219
> 22.16, 0.11, -0.18, -4.34, -8.00, -2.93, 34, 16, 55, 65, cy: 17361
> 22.15, 0.11, -0.19, -5.71, -4.94, -4.85, 34, 16, 55, 65, cy: 17505
> 22.14, 0.12, -0.17, -5.77, -8.00, -8.00, 34, 16, 55, 65, cy: 17648
> 22.12, 0.09, -0.21, -5.75, -8.00, -8.00, 34, 16, 55, 65, cy: 17790
> 22.11, 0.17, -0.11, -5.75, -8.00, -8.00, 34, 16, 55, 65, cy: 17933
> 22.09, 0.13, -0.17, -5.70, -8.00, -8.00, 34, 16, 55, 65, cy: 18075
> 22.07, 0.18, -0.12, -5.63, -8.00, -8.00, 34, 16, 55, 65, cy: 18218
> 22.06, 0.16, -0.10, -5.53, -8.00, -8.00, 34, 16, 55, 65, cy: 18360
> 22.05, 0.16, -0.10, -5.39, -8.00, -8.00, 34, 16, 55, 65, cy: 18504
> 22.04, 0.11, -0.18, -7.28, -8.00, -8.00, 34, 16, 55, 65, cy: 18648
> 22.02, 0.09, -0.21, -3.73, -8.00, -7.01, 34, 16, 55, 65, cy: 18791
> 22.01, 0.13, -0.15, -3.52, -8.00, -5.70, 34, 16, 55, 65, cy: 18933
> 21.99, 0.11, -0.22, -4.53, -8.00, -8.00, 34, 16, 55, 65, cy: 19075
sd42
Out of process cmd: sd42
3
LIFT: sd42
42
D single
sc42
Out of process cmd: sc42
3
LIFT: sc42
42
C single
> 21.98, 0.21, -0.01, -4.25, -8.00, -8.00, 34, 16, 62, 72, cy: 19219
> 21.97, 0.14, -0.15, -3.94, -8.00, -8.00, 34, 16, 62, 72, cy: 19361
> 21.95, 0.11, -0.16, -3.60, -8.00, -8.00, 34, 16, 62, 72, cy: 19505
> 21.95, 0.14, -0.16, -3.23, -8.00, -8.00, 34, 16, 62, 72, cy: 19647
> 21.94, 0.10, -0.24, -2.87, -8.00, -8.00, 34, 16, 62, 72, cy: 19790
> 21.93, 0.05, -0.15, -2.48, -7.38, -6.81, 34, 16, 62, 72, cy: 19934
> 21.92, 0.06, -0.17, -3.33, -8.00, -2.93, 34, 16, 62, 72, cy: 20077
> 21.90, 0.10, -0.22, -1.59, -4.95, -4.83, 34, 16, 62, 72, cy: 20220
> 21.88, 0.05, -0.18, -0.31, -1.62, -7.10, 34, 16, 62, 72, cy: 20364
sd48
Out of process cmd: sd48
3
LIFT: sd48
48
D single
sc48
Out of process cmd: sc48
3
LIFT: sc48
48
C single
> 21.87, 0.05, -0.22, -0.57, -8.00, -8.00, 34, 16, 68, 78, cy: 20506
> 21.84, 0.06, -0.23, -0.01, -8.00, -8.00, 34, 16, 68, 78, cy: 20650
> 21.82, 0.04, -0.22, 1.92, -0.81, -8.00, 34, 16, 68, 78, cy: 20793
> 21.80, 0.06, -0.22, 1.32, -8.00, -8.00, 34, 16, 68, 78, cy: 20937
> 21.78, 0.07, -0.23, 2.03, -8.00, -8.00, 34, 16, 68, 78, cy: 21078
> 21.75, 0.08, -0.21, 1.52, -6.88, -8.00, 34, 16, 68, 78, cy: 21220
> 21.73, 0.05, -0.25, 3.61, -8.00, -8.00, 34, 16, 68, 78, cy: 21362
> 21.71, 0.04, -0.21, 5.75, -3.30, -8.00, 34, 16, 68, 78, cy: 21505
> 21.69, 0.05, -0.20, 6.68, 0.29, -8.00, 34, 16, 68, 78, cy: 21648
> 21.68, 0.08, -0.22, 6.31, -8.00, -8.00, 34, 16, 68, 78, cy: 21790
> 21.67, 0.05, -0.20, 7.27, -8.00, -8.00, 34, 16, 68, 78, cy: 21935
> 21.65, 0.04, -0.23, 8.29, -7.90, -3.99, 34, 16, 68, 78, cy: 22079
sd58
Out of process cmd: sd58
3
LIFT: sd58
58
D single
sc58
Out of process cmd: sc58
3
LIFT: sc58
58
C single
> 21.63, 0.02, -0.27, 10.59, -4.07, -8.00, 34, 16, 78, 88, cy: 22222
> 21.58, 0.01, -0.27, 10.43, -8.00, -8.00, 34, 16, 78, 88, cy: 22364
> 21.52, 0.01, -0.29, 11.70, -8.00, -8.00, 34, 16, 78, 88, cy: 22506
> 21.48, -0.02, -0.29, 14.34, -8.00, -8.00, 34, 16, 78, 88, cy: 22649
> 21.42, -0.07, -0.25, 14.53, -5.62, -7.82, 34, 16, 78, 88, cy: 22791
> 21.40, -0.04, -0.31, 14.73, -8.00, -8.00, 34, 16, 78, 88, cy: 22932
> 21.35, -0.02, -0.34, 17.68, -6.78, -8.00, 34, 16, 78, 88, cy: 23075
> 21.32, -0.04, -0.29, 19.40, -4.28, -7.53, 34, 16, 78, 88, cy: 23220
> 21.29, -0.01, -0.32, 20.00, -8.00, -8.00, 34, 16, 78, 88, cy: 23363
sd68
Out of process cmd: sd68
3
LIFT: sd68
68
D single
> 21.27, -0.04, -0.31, 20.00, -8.00, -8.00, 34, 16, 78, 98, cy: 23505
sc68
Out of process cmd: sc68
3
LIFT: sc68
68
C single
> 21.20, -0.13, -0.39, 20.00, -8.00, -8.00, 34, 16, 88, 98, cy: 23649
> 21.20, -0.09, -0.36, 20.00, -8.00, -8.00, 34, 16, 88, 98, cy: 23792
> 21.17, -0.13, -0.37, 20.00, -8.00, -8.00, 34, 16, 88, 98, cy: 23934
> 21.17, -0.06, -0.36, 20.00, -8.00, -6.77, 34, 16, 88, 98, cy: 24078
> 21.12, -0.15, -0.44, 20.00, -5.79, -6.27, 34, 16, 88, 98, cy: 24221
> 21.11, -0.06, -0.50, 20.00, -8.00, -5.35, 34, 16, 88, 98, cy: 24364
ac
Out of process cmd: ac
13
ATTITUDE CONTROL ENABLED
> 34.25, -49.31, -0.08, -20.00, 8.00, -8.00, 5, 61, 97, 73, cy: 24506
> 39.26, -62.44, -0.33, -20.00, 8.00, -8.00, 5, 61, 97, 73, cy: 24647
> 41.67, -63.96, -0.35, -20.00, 8.00, -8.00, 5, 61, 97, 73, cy: 24791
f
Out of process cmd: f
6
FSTOP
> 35.50, -57.50, 0.01, 20.00, -8.00, -6.66, 5, 61, 29, 5, cy: 24933
FIFO overflow!
FIFO overflow!
FIFO overflow!
> 18.04, -1.56, -0.28, 20.00, -8.00, -8.00, 5, 61, 29, 5, cy: 25037
> 18.05, -0.85, -0.25, 20.00, -8.00, -7.11, 5, 61, 29, 5, cy: 25137
> 18.07, -0.52, -0.22, 20.00, -8.00, -6.86, 5, 61, 29, 5, cy: 25237
> 18.07, -0.36, -0.21, 20.00, -8.00, -6.63, 5, 61, 29, 5, cy: 25337
> 18.08, -0.29, -0.20, 20.00, -8.00, -6.43, 5, 61, 29, 5, cy: 25437
> 18.09, -0.24, -0.20, 20.00, -8.00, -6.22, 5, 61, 29, 5, cy: 25537
> 18.10, -0.24, -0.21, 20.00, -8.00, -6.00, 5, 61, 29, 5, cy: 25638
l20
Out of process cmd: l20
4
LIFT: l20
> 18.10, -0.21, -0.20, 20.00, -8.00, -5.81, 25, 81, 49, 25, cy: 25738
> 18.11, -0.26, -0.24, 20.00, -8.00, -6.16, 25, 81, 49, 25, cy: 25839
> 18.12, -0.29, -0.23, 20.00, -8.00, -8.00, 25, 81, 49, 25, cy: 25939
> 18.11, -0.28, -0.24, 20.00, -8.00, -4.23, 25, 81, 49, 25, cy: 26040
> 18.13, -0.29, -0.25, 20.00, -8.00, -8.00, 25, 81, 49, 25, cy: 26140
f
Out of process cmd: f
6
FSTOP
> 18.13, -0.28, -0.24, 20.00, -5.46, -2.69, 5, 61, 29, 5, cy: 26240
Stuck within the pid loop, resetting and bailing out.
FSTOP
Initializing I2C devices...
Testing device connections...
MPU6050 connection successful

Send any character to begin DMP programming and demo: 
Initializing DMP...
Enabling DMP...
Enabling interrupt detection (Arduino external interrupt 0)...
DMP ready! Waiting for first interrupt...
> 18.14, -0.22, -0.19, 0.00, 0.00, 0.00, 5, 61, 29, 5, cy: 26329
ac
Out of process cmd: ac
13
ATTITUDE CONTROL ENABLED
> 1.90, -14.85, 7.33, 20.00, 8.00, -8.00, 45, 21, -11, 45, cy: 26455
> 9.43, -34.05, 18.71, 0.60, 8.00, -8.00, 25, 41, 9, 25, cy: 26600
> 45.66, -57.95, 30.15, -20.00, 8.00, -8.00, 5, 61, 29, 5, cy: 26745
> 97.29, -45.57, 23.47, -20.00, -0.65, -2.07, 3, 47, 43, 7, cy: 26887
> 110.07, -22.35, 9.91, -20.00, -3.76, 5.68, 7, 37, 53, 3, cy: 27030
> 112.78, -9.37, 1.79, -20.00, 4.37, 3.46, 12, 46, 44, -2, cy: 27172
> 113.72, -3.05, -2.03, -20.00, -1.19, -5.00, -1, 49, 41, 11, cy: 27313
l20
Out of process cmd: l20
4
LIFT: l20
> 114.41, 0.13, -3.74, -20.00, 2.47, 5.17, 32, 62, 68, 18, cy: 27458
> 115.11, 1.47, -4.50, -20.00, 4.58, 8.00, 37, 61, 69, 13, cy: 27599
> 115.80, 2.11, -4.88, -20.00, -8.00, 6.27, 23, 51, 79, 27, cy: 27743
> 116.58, 2.33, -5.18, -20.00, -8.00, 8.00, 25, 49, 81, 25, cy: 27886
> 117.65, 2.33, -5.39, -20.00, -8.00, 8.00, 25, 49, 81, 25, cy: 28030
> 118.45, 2.46, -5.35, -20.00, -8.00, 7.57, 24, 50, 80, 26, cy: 28175
> 119.21, 2.47, -5.48, -20.00, -6.24, 8.00, 27, 51, 79, 23, cy: 28318
> 119.96, 2.39, -5.45, -20.00, -8.00, 8.00, 25, 49, 81, 25, cy: 28462
> 120.72, 2.40, -5.54, -20.00, -8.00, 8.00, 25, 49, 81, 25, cy: 28605
> 121.48, 2.43, -5.59, -20.00, -8.00, 8.00, 25, 49, 81, 25, cy: 28750
> 122.24, 2.48, -5.56, -20.00, -8.00, 8.00, 25, 49, 81, 25, cy: 28893
> 122.98, 2.49, -5.60, -20.00, -8.00, 8.00, 25, 49, 81, 25, cy: 29037
> 123.70, 2.51, -5.51, -20.00, -8.00, 8.00, 25, 49, 81, 25, cy: 29180
> 124.43, 2.45, -5.41, -20.00, -6.32, 8.00, 27, 51, 79, 23, cy: 29326
> 125.15, 2.45, -5.51, -20.00, -8.00, 8.00, 25, 49, 81, 25, cy: 29469
> 125.93, 2.57, -5.48, -20.00, -6.54, 8.00, 27, 51, 79, 23, cy: 29612
> 126.70, 2.58, -5.60, -20.00, -8.00, 8.00, 25, 49, 81, 25, cy: 29757
sd30
Out of process cmd: sd30
3
LIFT: sd30
30
D single
> 127.47, 2.55, -5.62, -20.00, -8.00, 8.00, 25, 49, 81, 35, cy: 29900
sc30
Out of process cmd: sc30
3
LIFT: sc30
30
C single
> 128.75, 2.48, -5.65, -20.00, -8.00, 8.00, 25, 49, 91, 35, cy: 30045
> 130.03, 2.62, -5.55, -20.00, -8.00, 8.00, 25, 49, 91, 35, cy: 30186
> 131.05, 2.57, -5.47, -20.00, -8.00, 8.00, 25, 49, 91, 35, cy: 30331
> 131.80, 2.67, -5.42, -20.00, -8.00, 7.99, 24, 50, 90, 36, cy: 30476
> 132.86, 2.75, -5.17, -20.00, -8.00, 8.00, 25, 49, 91, 35, cy: 30619
> 133.73, 2.59, -5.59, -20.00, -7.77, 8.00, 26, 50, 90, 34, cy: 30761
> 134.71, 2.85, -4.92, -20.00, -8.00, 8.00, 25, 49, 91, 35, cy: 30905
> 135.58, 2.80, -5.22, -20.00, -7.07, 8.00, 26, 50, 90, 34, cy: 31050
l30
Out of process cmd: l30
4
LIFT: l30
> 136.65, 2.73, -5.27, -20.00, -8.00, 8.00, 35, 59, 91, 35, cy: 31195
> 137.71, 2.74, -5.43, -20.00, -8.00, 4.12, 31, 63, 87, 39, cy: 31340
> 138.44, 2.59, -5.48, -20.00, -2.23, 8.00, 41, 65, 85, 29, cy: 31484
> 139.29, 2.65, -5.44, -20.00, -8.00, 8.00, 35, 59, 91, 35, cy: 31627
> 140.00, 2.56, -5.43, -20.00, -8.00, 4.32, 31, 63, 87, 39, cy: 31769
> 140.91, 2.63, -5.40, -20.00, -5.27, 8.00, 38, 62, 88, 32, cy: 31913
> 141.76, 2.62, -5.60, -20.00, -8.00, 8.00, 35, 59, 91, 35, cy: 32057
> 142.61, 2.59, -5.56, -20.00, -1.42, 8.00, 42, 66, 84, 28, cy: 32200
> 143.32, 2.59, -5.60, -20.00, 0.31, 8.00, 43, 67, 83, 27, cy: 32342
sd40
Out of process cmd: sd40
3
LIFT: sd40
40
D single
sc40
Out of process cmd: sc40
3
LIFT: sc40
40
C single
> 143.73, 0.34, -5.52, -20.00, 8.00, 6.40, 49, 77, 83, 31, cy: 32483
> 134.36, 0.77, -5.88, -20.00, -8.00, 1.95, 28, 66, 94, 52, cy: 32627
> 114.32, 0.63, -6.87, -20.00, -6.97, 8.00, 37, 61, 99, 43, cy: -32767
> 111.09, 0.89, -6.24, -20.00, 7.49, 8.00, 50, 74, 86, 30, cy: -32626
> 104.26, 1.48, -6.52, -20.00, -8.00, 7.18, 34, 60, 100, 46, cy: -32481
> 102.64, 1.76, -5.99, -20.00, -8.00, 8.00, 35, 59, 101, 45, cy: -32340
> 98.30, 1.88, -6.05, -20.00, -6.42, 8.00, 37, 61, 99, 43, cy: -32200
> 93.87, 0.10, -5.94, -20.00, -8.00, 8.00, 35, 59, 101, 45, cy: -32057
> 90.10, -2.93, -5.85, -20.00, 8.00, 8.00, 51, 75, 85, 29, cy: -31914
> 82.54, 1.47, -6.21, -20.00, -5.40, 2.21, 32, 68, 92, 48, cy: -31771
> 82.27, -4.33, -5.72, -20.00, -1.32, 8.00, 42, 66, 94, 38, cy: -31632
> 70.78, 0.09, -5.64, -20.00, -5.32, 8.00, 38, 62, 98, 42, cy: -31490
FIFO overflow!
> 65.68, 0.15, -5.43, -20.00, -6.39, 8.00, 37, 61, 99, 43, cy: -31374
FIFO overflow!
> 60.71, 0.67, -5.19, -20.00, -8.00, 8.00, 35, 59, 101, 45, cy: -31276
> 59.06, 1.24, -4.94, -20.00, -8.00, 8.00, 35, 59, 101, 45, cy: -31176
> 57.33, 1.18, -5.07, -20.00, -8.00, 8.00, 35, 59, 101, 45, cy: -31075
> 53.74, 0.87, -5.22, -20.00, -4.29, 8.00, 39, 63, 97, 41, cy: -30975
> 52.97, 0.58, -5.24, -20.00, -8.00, 8.00, 35, 59, 101, 45, cy: -30875
> 53.55, 1.28, -4.97, -20.00, -7.64, 8.00, 36, 60, 100, 44, cy: -30775
> 53.59, 1.48, -5.18, -20.00, -8.00, 8.00, 35, 59, 101, 45, cy: -30675
> 53.72, 1.24, -5.21, -20.00, -7.04, 8.00, 36, 60, 100, 44, cy: -30574
> 54.90, 0.98, -4.93, -20.00, -8.00, 5.81, 32, 62, 98, 48, cy: -30474
Stuck within the pid loop, resetting and bailing out.
FSTOP
Initializing I2C devices...
Testing device connections...
MPU6050 connection successful

Send any character to begin DMP programming and demo: 
Initializing DMP...
Enabling DMP...
Enabling interrupt detection (Arduino external interrupt 0)...
DMP ready! Waiting for first interrupt...
> 55.13, 1.20, -4.84, 0.00, 0.00, 0.00, 5, 29, 61, 5, cy: -30411
> -11.69, 26.23, 40.23, 20.00, -8.00, -8.00, 5, 29, 61, 5, cy: -30276
> -34.54, 32.12, 57.56, 20.00, -8.00, -8.00, 5, 29, 61, 5, cy: -30133
> -51.77, 22.89, 36.25, 20.00, -4.28, 2.89, 5, 29, 61, 5, cy: -29987
> -55.70, 12.72, 15.50, 20.00, -4.23, 2.54, 5, 29, 61, 5, cy: -29844
> -55.46, 7.22, 4.51, 20.00, -7.33, -2.00, 5, 29, 61, 5, cy: -29700
> -54.56, 4.64, -0.78, 20.00, -7.63, -4.65, 5, 29, 61, 5, cy: -29556
sd40
Out of process cmd: sd40
3
LIFT: sd40
40
D single
sc40
Out of process cmd: sc40
3
LIFT: sc40
40
C single
> -53.65, 3.42, -3.36, 20.00, -8.00, -5.72, 5, 29, 101, 45, cy: -29413
> -52.79, 2.87, -4.45, 20.00, -8.00, -4.73, 5, 29, 101, 45, cy: -29271
> -52.02, 2.59, -4.88, 20.00, -8.00, 0.07, 5, 29, 101, 45, cy: -29128
> -51.26, 2.43, -5.31, 20.00, -1.12, -5.94, 5, 29, 101, 45, cy: -28985
> -50.52, 2.50, -5.29, 20.00, -1.18, -4.72, 5, 29, 101, 45, cy: -28844
l35
Out of process cmd: l35
4
LIFT: l35
> -49.80, 2.52, -5.38, 20.00, -8.00, -0.25, 40, 64, 96, 40, cy: -28700
> -49.05, 2.48, -5.42, 20.00, -8.00, 2.58, 40, 64, 96, 40, cy: -28556
> -48.30, 2.41, -5.46, 20.00, -7.24, -2.96, 40, 64, 96, 40, cy: -28413
ac
Out of process cmd: ac
13
ATTITUDE CONTROL ENABLED
> -46.87, 2.44, -5.33, 14.21, -8.00, -2.24, 64, 40, 52, 84, cy: -28269
> -45.59, 2.55, -5.21, 12.26, -7.66, 2.17, 67, 39, 57, 77, cy: -28124
> -46.89, 2.46, -5.27, 12.22, 1.86, -8.00, 65, 57, 39, 79, cy: -27979
sd40
Out of process cmd: sd40
3
LIFT: sd40
40
D single
sc40
Out of process cmd: sc40
3
LIFT: sc40
40
C single
> -47.96, 2.32, -5.36, 10.17, -8.00, 1.28, 63, 41, 64, 82, cy: -27834
> -48.47, 2.41, -5.32, 9.55, -8.00, -5.42, 56, 48, 59, 87, cy: -27690
> -49.31, 2.17, -5.52, 14.44, -2.77, -2.85, 70, 46, 51, 83, cy: -27545
> -48.63, 2.34, -5.35, 7.53, 1.60, -0.57, 68, 54, 57, 71, cy: -27402
> -48.01, 2.33, -5.47, 5.42, -4.06, -6.96, 55, 57, 58, 80, cy: -27259
> -47.52, 2.44, -5.51, 12.38, -8.00, -3.24, 61, 43, 58, 88, cy: -27116
> -47.17, 2.29, -5.54, 7.55, -8.00, -6.46, 53, 51, 60, 86, cy: -26975
> -46.59, 2.35, -5.48, 4.16, 3.01, -7.24, 60, 66, 51, 73, cy: -26833
sd42
Out of process cmd: sd42
3
LIFT: sd42
42
D single
sc42
Out of process cmd: sc42
3
LIFT: sc42
42
C single
> -46.20, 2.29, -5.45, 1.78, 7.03, -2.57, 66, 68, 57, 63, cy: -26692
> -46.09, 2.33, -5.42, -6.50, -4.57, -8.00, 42, 70, 69, 73, cy: -26548
> -45.53, 2.29, -5.18, -10.41, -2.29, -8.00, 40, 76, 71, 67, cy: -26406
> -47.20, 2.11, -5.32, -16.71, 8.00, -8.00, 44, 92, 67, 51, cy: -26262
> -49.60, 1.97, -5.27, -9.98, 1.95, -1.63, 51, 71, 74, 58, cy: -26119
> -51.62, 2.17, -5.53, 1.02, -2.87, 6.41, 65, 51, 74, 64, cy: -25975
sd45
Out of process cmd: sd45
3
LIFT: sd45
45
D single
sc45
Out of process cmd: sc45
3
LIFT: sc45
45
C single
> -53.37, 1.99, -5.55, 9.67, 8.00, 0.55, 77, 59, 53, 71, cy: -25831
> -54.02, 2.00, -5.70, 17.40, 8.00, -1.98, 84, 52, 44, 80, cy: -25687
> -52.01, 2.39, -5.42, 19.36, 8.00, -8.00, 79, 57, 35, 89, cy: -25545
> -49.77, 2.64, -5.26, 20.00, -3.73, -2.28, 75, 39, 51, 95, cy: -25401
> -48.42, 2.35, -5.39, 20.00, 8.00, -3.65, 85, 51, 39, 85, cy: -25257
> -47.50, 2.29, -5.76, 16.88, -8.00, 8.00, 76, 28, 70, 86, cy: -25113
> -47.26, 2.38, -5.37, 20.00, 8.00, -8.00, 80, 56, 34, 90, cy: -24969
> -47.17, 2.33, -5.37, 13.51, 6.80, -8.00, 71, 61, 43, 85, cy: -24824
sd47
Out of process cmd: sd47
3
LIFT: sd47
47
D single
> -46.87, 2.20, -5.44, 10.33, 8.00, 0.41, 78, 58, 52, 74, cy: -24679
sc47
Out of process cmd: sc47
3
LIFT: sc47
47
C single
> -48.42, 2.19, -5.41, 20.00, 8.00, -2.41, 86, 50, 42, 86, cy: -24537
> -50.16, 2.15, -5.49, 16.21, 8.00, -2.07, 82, 54, 46, 82, cy: -24393
> -49.27, 2.41, -5.26, 10.91, 8.00, -0.78, 78, 58, 54, 74, cy: -24250
> -48.54, 2.43, -5.28, 20.00, 6.90, -5.12, 81, 51, 41, 91, cy: -24106
> -47.72, 2.45, -5.13, 17.28, 8.00, -4.22, 81, 55, 43, 85, cy: -23963
> -46.97, 2.64, -5.19, 11.29, -0.16, -8.00, 63, 57, 53, 91, cy: -23820
> -48.08, 2.34, -5.33, 20.00, 8.00, -8.00, 80, 56, 36, 92, cy: -23676
> -48.13, 2.26, -5.51, 9.96, -2.38, -8.00, 59, 57, 57, 91, cy: -23531
> -47.89, 2.30, -5.52, 17.39, 2.30, 3.82, 82, 42, 56, 84, cy: -23386
> -47.93, 2.25, -5.34, 9.03, 8.00, -8.00, 69, 67, 47, 81, cy: -23243
> -48.63, 2.17, -5.41, 12.69, 8.00, -3.08, 77, 59, 49, 79, cy: -23097
> -48.50, 2.18, -5.47, 12.43, 8.00, -4.93, 76, 60, 48, 80, cy: -22953
> -48.10, 2.32, -5.40, 14.91, 8.00, -0.37, 82, 54, 50, 78, cy: -22809
> -47.76, 2.27, -5.40, 5.53, 8.00, -3.35, 70, 66, 56, 72, cy: -22665
sd50
Out of process cmd: sd50
3
LIFT: sd50
50
D single
sc50
Out of process cmd: sc50
3
LIFT: sc50
50
C single
> -47.91, 2.23, -5.59, 20.00, 8.00, 3.04, 91, 45, 50, 84, cy: -22522
> -47.50, 2.34, -5.42, 8.30, 8.00, 7.91, 83, 53, 66, 68, cy: -22378
> -47.87, 2.24, -5.43, 1.72, 8.00, -8.00, 61, 75, 58, 76, cy: -22235
> -48.44, 2.17, -5.61, 9.53, 5.76, -1.95, 73, 57, 60, 80, cy: -22091
> -48.43, 2.28, -5.46, 5.55, 7.17, 1.90, 73, 61, 64, 72, cy: -21947
> -48.12, 2.35, -5.37, 11.04, 8.00, -2.94, 77, 59, 54, 80, cy: -21805
> -47.70, 2.50, -5.31, 7.74, 7.45, -7.84, 67, 67, 54, 82, cy: -21660
> -47.94, 2.32, -5.34, 12.88, 8.00, -6.82, 74, 62, 49, 85, cy: -21516
l40
Out of process cmd: l40
4
LIFT: l40
> -47.28, 2.36, -5.37, 1.86, 0.95, -2.38, 64, 66, 62, 68, cy: -21373
> -47.01, 2.31, -5.30, 1.26, 4.75, -1.37, 69, 69, 59, 63, cy: -21228
l45
Out of process cmd: l45
4
LIFT: l45
> -46.37, 2.23, -5.33, -7.15, 8.00, -8.00, 63, 93, 61, 63, cy: -21085
> -46.52, 2.44, -5.24, -4.10, -1.87, -6.89, 59, 79, 69, 73, cy: -20941
> -46.63, 2.41, -5.38, -15.31, 5.14, -4.42, 56, 94, 76, 54, cy: -20799
l47
Out of process cmd: l47
4
LIFT: l47
> -48.00, 2.31, -5.62, -4.22, 8.00, -8.00, 68, 92, 60, 68, cy: -20654
> -50.90, 2.79, -7.77, 20.00, -8.00, -8.00, 76, 52, 52, 108, cy: -20511
> -55.81, 4.68, -3.76, 20.00, 8.00, 8.00, 108, 52, 52, 76, cy: -20367
> -31.16, 1.89, -2.27, -20.00, -8.00, -8.00, 36, 92, 92, 68, cy: -20227
> -53.55, 2.76, -1.74, 20.00, 8.00, 8.00, 108, 52, 52, 76, cy: -20084
> -54.38, 1.99, -6.05, 3.99, -8.00, -8.00, 59, 69, 69, 91, cy: -19939
l46
Out of process cmd: l46
4
LIFT: l46
> -43.03, 3.04, -7.04, 9.97, -8.00, 8.00, 80, 46, 78, 80, cy: -19795
> -49.39, 1.84, -3.12, 1.59, -0.85, -8.00, 64, 78, 62, 80, cy: -19650
> -50.43, 6.28, -5.31, 16.82, -8.00, 8.00, 87, 39, 71, 87, cy: -19506
> -57.30, -2.14, -4.20, 20.00, 8.00, 8.00, 107, 51, 51, 75, cy: -19363
> -45.72, 4.62, -0.86, 2.20, 8.00, 8.00, 89, 69, 69, 57, cy: -19221
> -51.84, -4.21, -6.49, 16.24, 8.00, 8.00, 103, 55, 55, 71, cy: -19078
> -47.62, 5.31, -3.50, -20.00, 8.00, 8.00, 67, 91, 91, 35, cy: -18935
FIFO overflow!
FIFO overflow!
Stuck within the pid loop, resetting and bailing out.
FSTOP
Initializing I2C devices...
Testing device connections...
MPU6050 connection successful

Send any character to begin DMP programming and demo: 
Initializing DMP...
Enabling DMP...
Enabling interrupt detection (Arduino external interrupt 0)...
DMP ready! Waiting for first interrupt...
> -1.78, -14.40, -13.22, -20.00, 8.00, 8.00, 29, 5, 5, 61, cy: -18892
> -5.25, -31.58, -21.19, -20.00, 8.00, 8.00, 29, 5, 5, 61, cy: -18746
f
Out of process cmd: f
6
FSTOP
> -30.19, -54.72, -30.71, 20.00, 8.00, 8.00, 29, 5, 5, 61, cy: -18602
> -103.69, -48.71, -29.40, 20.00, -8.00, -3.41, 29, 5, 5, 61, cy: -18457
> -122.72, -25.44, -19.68, 20.00, -8.00, -8.00, 29, 5, 5, 61, cy: -18314
> -125.60, -11.02, -12.58, 20.00, -8.00, -8.00, 29, 5, 5, 61, cy: -18172
> -125.70, -3.85, -8.82, 20.00, -8.00, -8.00, 29, 5, 5, 61, cy: -18030
> -125.18, -0.44, -6.98, 20.00, -8.00, -8.00, 29, 5, 5, 61, cy: -17888
> -124.51, 1.16, -6.09, 20.00, -8.00, -8.00, 29, 5, 5, 61, cy: -17745
> -123.79, 1.89, -5.67, 20.00, -8.00, -8.00, 29, 5, 5, 61, cy: -17603
> -123.06, 2.25, -5.46, 20.00, -8.00, -8.00, 29, 5, 5, 61, cy: -17461
> -122.32, 2.41, -5.36, 20.00, -8.00, -8.00, 29, 5, 5, 61, cy: -17316
> -121.57, 2.48, -5.32, 20.00, -8.00, -8.00, 29, 5, 5, 61, cy: -17173
> -120.84, 2.52, -5.30, 20.00, -8.00, -8.00, 29, 5, 5, 61, cy: -17029
> -120.22, 2.08, -4.41, 20.00, -8.00, -8.00, 29, 5, 5, 61, cy: -16885
> -120.13, 0.88, -2.00, 20.00, -8.00, -8.00, 29, 5, 5, 61, cy: -16741
> -120.11, 0.30, -0.88, 20.00, -8.00, -8.00, 29, 5, 5, 61, cy: -16600
> -120.09, 0.06, -0.35, 20.00, -8.00, -8.00, 29, 5, 5, 61, cy: -16456
> -120.08, -0.06, -0.09, 20.00, -8.00, -8.00, 29, 5, 5, 61, cy: -16312
> -120.07, -0.13, 0.01, 20.00, -8.00, -8.00, 29, 5, 5, 61, cy: -16168
> -120.06, -0.15, 0.07, 20.00, -8.00, -8.00, 29, 5, 5, 61, cy: -16023
> -120.04, -0.18, 0.08, 20.00, -8.00, -8.00, 29, 5, 5, 61, cy: -15880

