> 107.31, -0.02, 0.03, 0.82, 0.12, -0.01, 25, 25, 25, 25, cy: 5659
> 107.31, -0.02, 0.03, 0.99, 0.14, -0.02, 25, 25, 25, 25, cy: 5800
> 107.31, -0.00, 0.02, 1.16, -2.12, 1.63, 25, 25, 25, 25, cy: 5942
> 107.31, -0.01, 0.02, 1.32, 0.15, -0.04, 25, 25, 25, 25, cy: 6084
> 107.30, -0.02, 0.01, 1.51, 0.16, -0.03, 25, 25, 25, 25, cy: 6227
> 107.30, -0.02, 0.01, 1.69, 0.16, -0.02, 25, 25, 25, 25, cy: 6369
> 107.28, -0.00, 0.02, 1.92, 0.15, -0.03, 25, 25, 25, 25, cy: 6512
> 107.28, -0.01, 0.02, 2.16, 0.17, -0.03, 25, 25, 25, 25, cy: 6654
> 107.27, -0.01, 0.02, 2.42, 0.17, -0.04, 25, 25, 25, 25, cy: 6797
> 107.27, -0.02, 0.01, 2.68, 0.18, -0.04, 25, 25, 25, 25, cy: 6941
ac
Out of process cmd: ac
13
ATTITUDE CONTROL ENABLED
> 107.27, -0.02, 0.01, 2.67, 0.17, -0.04, 27, 23, 23, 27, cy: 7085
> 107.26, -0.03, 0.00, 2.69, -1.46, -2.27, 24, 24, 22, 30, cy: 7227
> 107.25, -0.00, -0.03, 4.64, 1.84, 2.30, 32, 20, 22, 26, cy: 7368
> 107.25, -0.05, -0.02, 2.51, -2.03, 1.73, 26, 20, 26, 28, cy: 7509
l20
Out of process cmd: l20
4
LIFT: l20
> 107.20, -0.08, -0.08, 2.87, -8.00, 3.96, 42, 32, 54, 52, cy: 7648
> 106.82, -0.09, -0.05, 3.80, -4.63, -6.59, 38, 44, 40, 58, cy: 7786
> 106.64, -0.00, -0.21, 8.72, 8.00, -7.91, 54, 52, 22, 52, cy: 7928
> 106.40, 0.30, -0.22, 6.90, -7.80, -0.52, 44, 32, 46, 58, cy: 8067
> 106.29, 0.01, -0.12, 10.56, 8.00, 8.00, 71, 35, 35, 39, cy: 8206
> 106.13, 0.12, -0.13, 9.51, -6.91, 6.16, 54, 24, 48, 54, cy: 8351
l25
Out of process cmd: l25
4
LIFT: l25
> 106.15, -0.03, -0.11, 13.78, 0.47, 8.00, 71, 29, 45, 55, cy: 8492
> 105.81, -0.02, 0.02, 15.18, -1.23, -4.94, 60, 38, 32, 70, cy: 8634
> 105.84, -0.04, 0.05, 19.78, 4.39, -2.23, 71, 37, 25, 67, cy: 8774
> 106.53, 0.00, 0.04, 18.82, -1.79, -1.13, 66, 32, 32, 70, cy: 8915
> 106.99, 0.02, 0.07, 20.00, -0.74, 4.88, 74, 26, 34, 66, cy: 9059
> 107.28, -0.01, -0.03, 18.32, -0.29, 8.00, 76, 24, 40, 60, cy: 9197
> 107.67, -0.05, 0.03, 19.09, -5.66, -1.86, 63, 27, 35, 75, cy: 9339
l30
Out of process cmd: l30
4
LIFT: l30
> 107.97, -0.08, 0.03, 17.54, -1.87, 8.00, 79, 29, 47, 65, cy: 9481
> 108.55, 0.12, 0.13, 16.52, -8.00, 8.00, 71, 23, 55, 71, cy: 9622
> 108.07, -0.06, 0.27, 11.35, 8.00, -8.00, 66, 60, 28, 66, cy: 9763
> 107.67, -0.10, 0.27, 12.13, 8.00, -8.00, 67, 59, 27, 67, cy: 9905
> 106.47, 0.11, 0.11, 12.14, 1.60, 1.96, 69, 43, 43, 65, cy: 10048
l32
Out of process cmd: l32
4
LIFT: l32
> 106.41, 0.03, -0.08, 20.00, 4.81, 8.00, 89, 33, 41, 65, cy: 10189
> 106.82, 0.07, 0.09, 1.13, -8.00, -4.74, 46, 52, 60, 70, cy: 10330
> 109.78, -0.05, 0.09, 10.67, 8.00, 7.66, 82, 48, 46, 52, cy: 10472
> 107.74, -0.06, -0.04, 14.43, -8.00, 0.65, 63, 35, 51, 79, cy: 10611
> 106.49, -0.25, -0.03, 11.14, -6.21, -8.00, 54, 48, 44, 82, cy: 10754
> 106.50, -0.22, 0.00, 16.56, 8.00, -8.00, 73, 57, 25, 73, cy: 10896
l34
Out of process cmd: l34
4
LIFT: l34
> 106.38, -0.23, 0.01, 19.61, 8.00, -8.00, 78, 56, 24, 78, cy: 11037
> 107.69, -0.35, 0.11, 17.39, -2.39, -4.96, 70, 44, 40, 82, cy: 11180
> 109.18, -0.31, 0.30, 17.33, -5.39, 8.00, 79, 29, 55, 73, cy: 11324
> 108.59, 0.10, 0.28, -2.90, -2.62, 8.00, 63, 51, 71, 51, cy: 11465
> 107.09, 0.01, 0.16, -0.69, 4.95, -0.51, 63, 63, 55, 55, cy: 11607
> 105.48, -0.18, 0.05, 16.70, 2.48, 4.94, 81, 41, 45, 69, cy: 11752
> 106.58, 0.03, 0.01, 18.00, 2.83, -8.00, 71, 51, 31, 83, cy: 11893
> 106.59, 0.03, 0.07, 6.92, -1.07, 0.37, 64, 52, 54, 66, cy: 12032
> 107.65, -0.00, 0.22, 20.00, 3.32, -3.19, 79, 45, 33, 79, cy: 12172
> 107.27, 0.11, 0.14, 8.86, -4.20, -8.00, 55, 55, 47, 79, cy: 12313
> 107.69, 0.29, -0.00, 15.38, -2.91, -6.04, 66, 48, 40, 82, cy: 12455
> 107.96, -0.01, -0.06, 10.23, 5.42, 5.33, 79, 49, 49, 59, cy: 12596
> 107.23, 0.22, -0.23, 5.30, -8.00, 7.22, 63, 39, 69, 65, cy: 12737
l36
Out of process cmd: l36
4
LIFT: l36
> 106.98, 0.11, -0.23, 9.16, -6.07, 0.24, 64, 46, 58, 76, cy: 12880
> 107.76, 0.18, -0.18, 20.00, 3.14, 8.00, 92, 36, 46, 70, cy: 13026
> 109.35, -0.35, 0.05, 20.00, 4.16, 8.00, 93, 37, 45, 69, cy: 13171
> 108.53, 0.06, -0.12, 18.19, -8.00, 5.05, 76, 30, 56, 82, cy: 13315
> 105.50, -1.20, -0.42, 20.00, -8.00, 8.00, 81, 25, 57, 81, cy: 13459
> 104.97, -0.39, -0.18, 9.90, -5.47, -5.28, 60, 52, 52, 80, cy: 13605
> 106.06, -0.16, -0.17, 20.00, 5.92, 0.30, 86, 46, 36, 76, cy: 13749
> 109.11, 0.07, -0.12, 20.00, -8.00, 8.00, 81, 25, 57, 81, cy: 13892
> 110.04, -0.03, -0.04, 16.80, -2.52, 2.77, 77, 41, 49, 77, cy: 14033
> 107.69, -0.16, 0.02, 10.92, -8.00, 8.00, 71, 35, 67, 71, cy: 14177
> 105.77, 0.09, 0.17, 13.00, 8.00, -8.00, 73, 65, 33, 73, cy: 14321
> 104.56, -0.01, -0.12, 10.41, 8.00, -8.00, 71, 67, 35, 71, cy: 14464
l37
Out of process cmd: l37
4
LIFT: l37
> 105.75, 0.01, 0.23, 20.00, -1.20, -8.00, 73, 49, 35, 91, cy: 14605
> 107.97, 0.13, 0.17, 20.00, -8.00, 8.00, 82, 26, 58, 82, cy: 14747
> 110.52, -0.23, 0.41, 20.00, 8.00, 8.00, 98, 42, 42, 66, cy: 14890
> 109.04, 0.14, -0.03, 10.90, -8.00, 8.00, 72, 36, 68, 72, cy: 15032
> 106.33, 0.76, -0.76, 0.70, -8.00, -8.00, 46, 62, 62, 78, cy: 15175
> 105.33, 0.19, 0.28, 12.64, -8.00, 8.00, 74, 34, 66, 74, cy: 15317
> 107.43, 0.49, -0.12, 19.99, 8.00, -8.00, 81, 59, 27, 81, cy: 15460
> 108.31, 0.07, -0.08, 20.00, 7.53, -2.34, 87, 51, 33, 77, cy: 15600
> 108.01, -0.11, -0.13, 2.18, 8.00, -2.22, 70, 70, 50, 58, cy: 15743
> 107.14, -0.08, -0.18, 4.41, -2.10, -8.00, 56, 64, 52, 76, cy: 15883
> 107.46, -0.24, 0.02, -5.40, -3.74, 8.00, 62, 56, 78, 52, cy: 16022
> 107.37, 0.45, -0.10, -14.88, 0.48, -7.57, 41, 83, 69, 55, cy: 16165
l38
Out of process cmd: l38
4
LIFT: l38
> 107.75, 0.27, -0.10, -0.30, 1.63, -8.00, 56, 72, 54, 70, cy: 16305
> 106.78, 0.01, -0.27, 20.00, 8.00, 7.29, 98, 44, 42, 68, cy: 16444
> 110.02, 0.56, -0.43, 13.26, 8.00, -8.00, 76, 66, 34, 76, cy: 16587
> 107.81, -0.02, -0.18, 7.76, 8.00, -1.80, 77, 65, 47, 63, cy: 16732
> 107.57, 0.02, -0.10, 2.81, -2.66, 8.00, 71, 51, 71, 59, cy: 16873
> 107.72, 0.10, 0.62, -2.54, -8.00, -8.00, 45, 65, 65, 77, cy: 17016
> 106.81, -0.03, -0.30, 8.29, 8.00, -8.00, 71, 71, 39, 71, cy: 17158
> 104.47, -0.13, -0.23, 20.00, -8.00, 8.00, 83, 27, 59, 83, cy: 17302
l39
Out of process cmd: l39
4
LIFT: l39
> 105.37, -0.20, -0.22, 9.42, 8.00, 6.58, 87, 57, 53, 59, cy: 17441
> 112.47, -0.33, -0.10, 12.13, 1.33, -8.00, 69, 61, 43, 83, cy: 17585
> 108.82, -0.05, -0.38, 14.86, 4.85, -8.00, 74, 62, 38, 82, cy: 17726
> 106.30, -0.17, 0.10, 10.22, -1.37, -8.00, 65, 61, 47, 83, cy: 17869
> 106.82, -0.34, 0.32, 15.74, 8.00, 8.00, 95, 49, 49, 63, cy: 18010
l41
Out of process cmd: l41
4
LIFT: l41
> 108.02, 3.38, -0.19, -0.42, -8.00, -8.00, 50, 66, 66, 82, cy: 18155
> 105.39, 8.03, 2.79, 20.00, 8.00, -8.00, 86, 62, 30, 86, cy: 18297
> 102.88, 7.08, 3.66, 20.00, 8.00, -8.00, 86, 62, 30, 86, cy: 18441
> 81.33, -4.99, 5.03, 20.00, 8.00, 8.00, 102, 46, 46, 70, cy: 18585
> 98.95, -0.49, 16.13, 20.00, 8.00, 8.00, 102, 46, 46, 70, cy: 18730
> 108.78, -0.00, 6.46, 7.24, 3.90, -8.00, 68, 70, 48, 78, cy: 18874
> 114.40, -5.37, 0.70, 2.09, -8.00, 8.00, 68, 48, 80, 68, cy: 19016
> 99.73, -2.42, -8.06, -20.00, 8.00, 8.00, 62, 86, 86, 30, cy: 19158
> 92.82, 4.04, -0.12, -19.05, -8.00, -8.00, 31, 85, 85, 63, cy: 19298
> 105.79, -0.59, -2.06, 20.00, 7.42, 8.00, 101, 45, 47, 71, cy: 19437
> 109.99, 0.18, -0.55, -20.00, -8.00, 8.00, 46, 70, 102, 46, cy: 19580
> 112.78, 2.20, 1.55, 20.00, -8.00, 8.00, 86, 30, 62, 86, cy: 19721
> 114.85, 3.62, -2.65, -20.00, 8.00, 8.00, 62, 86, 86, 30, cy: 19864
> 96.02, -1.96, -11.00, 20.00, 8.00, -8.00, 86, 62, 30, 86, cy: 20007
> 77.61, -6.15, -4.09, 20.00, -8.00, 8.00, 86, 30, 62, 86, cy: 20150
> 95.06, 1.87, 26.71, 16.71, -8.00, 8.00, 82, 34, 66, 82, cy: 20295
> 111.14, 2.44, 0.44, 20.00, 8.00, -8.00, 86, 62, 30, 86, cy: 20440
> 119.71, 2.21, 2.98, -20.00, -8.00, 8.00, 46, 70, 102, 46, cy: 20580
> 118.26, 2.67, -6.37, -20.00, 8.00, 8.00, 62, 86, 86, 30, cy: 20723
> 93.87, -0.34, -0.55, 20.00, -8.00, 8.00, 86, 30, 62, 86, cy: 20866
> 96.29, -5.25, 1.46, 16.16, 8.00, 8.00, 98, 50, 50, 66, cy: 21008
> 123.16, -1.19, -12.22, -10.92, 8.00, -8.00, 56, 92, 60, 56, cy: 21153
> 55.22, -4.10, -0.69, 20.00, 8.00, 8.00, 102, 46, 46, 70, cy: 21296
> 49.77, -4.37, 10.85, 20.00, 8.00, 8.00, 102, 46, 46, 70, cy: 21439
> 61.33, -10.93, 1.48, 20.00, 8.00, -8.00, 86, 62, 30, 86, cy: 21583
> 66.79, 7.17, 1.74, 13.69, 8.00, -8.00, 79, 69, 37, 79, cy: 21724
> 79.00, -0.01, 29.51, 20.00, 0.94, 8.00, 94, 38, 54, 78, cy: 21867
> 94.89, 1.77, 5.47, -12.88, -8.00, 8.00, 54, 62, 94, 54, cy: 22008
> 105.74, 6.63, 0.59, 9.14, 8.00, -8.00, 75, 73, 41, 75, cy: 22152
> 118.79, 3.04, -0.19, -20.00, -8.00, -8.00, 30, 86, 86, 62, cy: 22294
> 97.96, 1.42, 1.34, 20.00, -8.00, -8.00, 70, 46, 46, 102, cy: 22438
> 104.21, -0.02, -0.54, 13.92, -8.00, -6.30, 65, 51, 55, 93, cy: 22581
l30
Out of process cmd: l30
4
LIFT: l30
> 106.51, 0.18, -0.65, 19.91, 8.00, -8.00, 74, 52, 20, 74, cy: 22723
> 104.81, -0.21, -0.23, 20.00, 1.77, 2.55, 78, 34, 36, 72, cy: 22864
f
Out of process cmd: f
6
FSTOP
> 104.33, -0.07, -0.19, 20.00, 8.00, 3.56, 46, 20, -10, 44, cy: 23006
> 104.29, -0.14, -0.17, 20.00, -1.06, -5.77, 46, 20, -10, 44, cy: 23149
> 104.28, -0.13, -0.16, 20.00, 0.69, -3.61, 46, 20, -10, 44, cy: 23290
> 104.26, -0.12, -0.15, 20.00, 0.71, -3.67, 46, 20, -10, 44, cy: 23434
> 104.23, -0.12, -0.14, 20.00, 0.73, -3.74, 46, 20, -10, 44, cy: 23578
> 104.21, -0.12, -0.13, 20.00, 2.96, -5.54, 46, 20, -10, 44, cy: 23721
> 104.19, -0.12, -0.14, 20.00, 0.77, -3.88, 46, 20, -10, 44, cy: 23865
> 104.17, -0.13, -0.15, 20.00, 0.80, -3.94, 46, 20, -10, 44, cy: 24007
> 104.15, -0.13, -0.14, 20.00, 0.83, -4.02, 46, 20, -10, 44, cy: 24147
> 104.14, -0.11, -0.13, 20.00, 0.83, -4.11, 46, 20, -10, 44, cy: 24290

