, -0.10, 0.00, 0.00, 0.00, 25, 25, 25, 25, cy: 2217
Checking gyroscope stability ...
Reseting stability count.
> 0.00, 0.01, -0.05, 0.00, 0.00, 0.00, 25, 25, 25, 25, cy: 2352
FIFO overflow!
Checking gyroscope stability ...
Reseting stability count.
> 0.00, -0.00, -0.02, 0.00, 0.00, 0.00, 25, 25, 25, 25, cy: 2486
Checking gyroscope stability ...
> 0.00, -0.01, -0.01, 0.00, 0.00, 0.00, 25, 25, 25, 25, cy: 2621
Checking gyroscope stability ...
> -0.00, -0.01, -0.00, 0.00, 0.00, 0.00, 25, 25, 25, 25, cy: 2762
Checking gyroscope stability ...
> 0.00, -0.01, -0.00, 0.00, 0.00, 0.00, 25, 25, 25, 25, cy: 2900
Checking gyroscope stability ...
> 0.00, -0.01, -0.00, 0.00, 0.00, 0.00, 25, 25, 25, 25, cy: 3041
Checking gyroscope stability ...
> 0.00, -0.01, -0.01, 0.00, 0.00, 0.00, 25, 25, 25, 25, cy: 3176
Checking gyroscope stability ...
ALL GYROSCOPE GIMBALS STEADY: ready for takeoff.
> 0.00, -0.01, -0.01, 0.00, 4.00, 3.94, 25, 25, 25, 25, cy: 3318
> 0.00, -0.01, -0.01, 0.00, -0.39, -0.14, 25, 25, 25, 25, cy: 3451
ac
Out of process cmd: ac
13
ATTITUDE CONTROL ENABLED
l35
Out of process cmd: l35
4
LIFT: l35
> 0.00, -0.01, -0.01, -1.01, -0.40, -0.14, 60, 60, 60, 60, cy: 3595
> 0.01, -0.02, -0.02, -0.34, -2.74, 0.49, 58, 58, 62, 62, cy: 3738
> 0.00, -0.05, -0.00, 0.65, 2.78, -1.92, 62, 62, 58, 58, cy: 3883
> 0.00, -0.03, -0.00, -0.01, 0.05, -0.01, 60, 60, 60, 60, cy: 4024
> 0.00, -0.02, 0.00, 0.21, 2.51, 0.42, 62, 62, 58, 58, cy: 4167
> 0.01, -0.02, 0.00, -0.02, 0.00, -0.01, 60, 60, 60, 60, cy: 4308
l43
Out of process cmd: l43
4
LIFT: l43
> 0.01, -0.02, -0.00, -0.04, 1.86, -3.30, 69, 69, 67, 67, cy: 4451
> 0.04, -0.05, 0.03, 0.28, -2.65, 1.21, 66, 66, 70, 70, cy: 4594
> 0.02, -0.11, -0.04, -0.75, -2.40, -2.34, 66, 66, 70, 70, cy: 4736
> 0.02, 0.03, 0.04, -0.06, 0.88, -1.45, 68, 68, 68, 68, cy: 4879
> 0.02, 0.09, -0.03, -0.04, -4.00, -4.00, 64, 64, 72, 72, cy: 5020
> 0.02, -0.02, 0.03, -0.57, -1.71, 0.41, 67, 67, 69, 69, cy: 5163
> 0.01, -0.21, -0.03, -0.06, -0.21, 3.21, 68, 68, 68, 68, cy: 5306
> 0.02, -0.06, 0.01, 0.42, 4.00, -3.10, 72, 72, 64, 64, cy: 5451
> 0.02, -0.02, -0.00, -0.44, -0.65, 2.86, 68, 68, 68, 68, cy: 5593
l40
Out of process cmd: l40
4
LIFT: l40
> 0.02, -0.05, -0.00, -0.05, 0.40, -1.77, 65, 65, 65, 65, cy: 5733
> 0.01, -0.01, -0.03, -0.03, -0.02, 0.06, 65, 65, 65, 65, cy: 5876
> 0.00, 0.01, -0.02, -0.46, -0.59, 1.46, 65, 65, 65, 65, cy: 6018
> 0.01, 0.02, -0.03, 0.81, 1.06, 1.05, 66, 66, 64, 64, cy: 6161
> 0.00, 0.01, -0.03, -0.01, 1.66, -0.09, 66, 66, 64, 64, cy: 6300
> -0.00, 0.01, -0.01, -0.49, 2.85, 0.76, 67, 67, 63, 63, cy: 6441
> -0.00, 0.02, -0.01, 0.48, -0.45, 1.48, 65, 65, 65, 65, cy: 6585
> -0.00, 0.02, -0.02, 0.01, -0.36, 0.56, 65, 65, 65, 65, cy: 6727
> -0.00, 0.03, -0.01, 0.12, 2.55, 1.26, 67, 67, 63, 63, cy: 6869
> -0.01, 0.03, -0.01, 0.99, 1.63, 1.16, 66, 66, 64, 64, cy: 7015
> -0.00, 0.03, -0.00, 0.11, -1.14, 2.13, 64, 64, 66, 66, cy: 7156
> -0.00, 0.03, -0.00, 0.50, -0.61, 2.38, 65, 65, 65, 65, cy: 7301
> 0.00, 0.03, -0.02, 0.10, 2.17, 1.45, 67, 67, 63, 63, cy: 7442
> 0.00, 0.05, -0.02, -1.36, -2.86, -1.23, 63, 63, 67, 67, cy: 7583
sc43
Out of process cmd: sc43
3
LIFT: sc43
43
C single
> -0.00, 0.05, -0.03, 0.48, -2.54, 0.92, 63, 63, 70, 67, cy: 7726
sd43
Out of process cmd: sd43
3
LIFT: sd43
43
D single
> -0.00, 0.02, -0.02, -0.11, -1.44, 0.10, 64, 64, 69, 69, cy: 7867
> -0.00, 0.03, -0.02, 0.48, 3.73, -0.44, 68, 68, 65, 65, cy: 8008
> -0.00, 0.01, -0.01, -0.49, 0.48, 0.27, 65, 65, 68, 68, cy: 8152
> 0.00, 0.04, -0.02, 0.47, -0.44, -0.74, 65, 65, 68, 68, cy: 8294
> -0.01, 0.03, -0.02, -0.09, 1.82, 2.89, 66, 66, 67, 67, cy: 8438
> 0.00, 0.02, -0.00, 0.11, -1.85, 3.74, 64, 64, 69, 69, cy: 8579
> 0.00, 0.02, 0.00, 0.11, -1.13, 0.79, 64, 64, 69, 69, cy: 8721
> -0.00, 0.04, 0.00, 0.60, -0.50, 1.44, 65, 65, 68, 68, cy: 8865
> -0.00, 0.03, -0.01, 0.39, 0.24, -1.48, 65, 65, 68, 68, cy: 9008
> 0.00, 0.03, -0.01, 0.59, 0.02, 0.41, 65, 65, 68, 68, cy: 9149
> -0.00, 0.03, -0.01, 0.75, -0.26, -0.39, 65, 65, 68, 68, cy: 9290
> -0.00, 0.05, -0.00, 0.96, -1.93, -2.53, 64, 64, 69, 69, cy: 9433
sc44
Out of process cmd: sc44
3
LIFT: sc44
44
C single
> 0.00, 0.06, -0.00, 0.01, -2.59, -0.54, 63, 63, 71, 70, cy: 9575
sd44
Out of process cmd: sd44
3
LIFT: sd44
44
D single
> -0.00, 0.04, 0.00, -1.43, -0.15, -0.03, 65, 65, 69, 69, cy: 9717
> 0.00, 0.02, -0.01, -0.00, 0.29, -0.12, 65, 65, 69, 69, cy: 9860
> -0.00, 0.02, -0.02, -0.38, -0.24, -0.36, 65, 65, 69, 69, cy: 10002
> -0.00, 0.00, -0.01, -0.00, 2.15, 2.34, 67, 67, 67, 67, cy: 10144
> 0.00, 0.01, -0.02, -0.11, 2.84, -0.56, 67, 67, 67, 67, cy: 10288
> -0.00, 0.01, -0.01, -0.48, 2.42, -1.77, 67, 67, 67, 67, cy: 10432
> -0.00, 0.02, -0.01, -0.86, 1.68, 2.50, 66, 66, 68, 68, cy: 10571
> 0.00, 0.03, -0.01, 0.00, -1.35, -2.21, 64, 64, 70, 70, cy: 10713
> -0.00, -0.00, -0.02, 0.49, -2.49, 1.83, 63, 63, 71, 71, cy: 10855
> 0.00, 0.03, -0.01, -0.01, 0.33, -2.39, 65, 65, 69, 69, cy: 10998
l42
Out of process cmd: l42
4
LIFT: l42
> -0.00, 0.03, -0.02, 0.49, -0.45, 2.82, 67, 67, 67, 67, cy: 11138
> 0.00, 0.04, -0.01, -0.97, 1.98, -0.29, 68, 68, 66, 66, cy: 11278
l43
Out of process cmd: l43
4
LIFT: l43
> -0.00, 0.05, 0.00, 0.11, -0.71, -0.30, 68, 68, 68, 68, cy: 11421
> -0.00, 0.04, -0.01, 0.48, -0.56, 0.15, 68, 68, 68, 68, cy: 11565
> 0.00, 0.04, -0.01, -0.11, -0.40, 0.54, 68, 68, 68, 68, cy: 11704
l44
Out of process cmd: l44
4
LIFT: l44
> 0.00, 0.04, -0.02, -0.02, -2.75, 1.44, 67, 67, 71, 71, cy: 11847
> 0.00, 0.03, -0.03, 0.38, -1.23, 2.83, 68, 68, 70, 70, cy: 11990
> 0.00, 0.01, -0.02, 0.91, 1.30, -1.05, 70, 70, 68, 68, cy: 12132
l45
Out of process cmd: l45
4
LIFT: l45
> 0.00, 0.01, -0.02, -0.52, 1.41, 1.19, 71, 71, 69, 69, cy: 12271
> 0.01, -0.01, -0.05, -0.48, -1.07, 0.75, 69, 69, 71, 71, cy: 12414
> 0.00, -0.03, -0.04, 0.47, 3.09, 0.05, 73, 73, 67, 67, cy: 12554
> 0.02, -0.06, -0.09, -0.02, 1.13, -0.02, 71, 71, 69, 69, cy: 12696
> 0.02, -0.10, -0.11, -0.73, 0.60, -0.74, 70, 70, 70, 70, cy: 12840
> 0.01, -0.06, -0.02, 0.14, 0.67, -2.62, 70, 70, 70, 70, cy: 12978
> 0.01, -0.06, -0.04, -0.57, -0.21, -3.31, 70, 70, 70, 70, cy: 13122
> 0.02, -0.06, -0.03, -0.42, 0.97, 0.27, 70, 70, 70, 70, cy: 13264
> 0.03, -0.06, -0.07, 0.32, 1.67, 2.38, 71, 71, 69, 69, cy: 13406
> 0.02, -0.06, -0.06, -0.89, 1.54, -4.00, 71, 71, 69, 69, cy: 13549
> 0.02, -0.09, -0.01, 0.64, 1.43, -3.89, 71, 71, 69, 69, cy: 13692
> 0.01, -0.10, 0.00, 0.43, 3.93, 1.93, 73, 73, 67, 67, cy: 13837
sd46
Out of process cmd: sd46
3
LIFT: sd46
46
D single
sc46
Out of process cmd: sc46
3
LIFT: sc46
46
C single
> 0.01, -0.04, 0.04, 0.16, -1.61, 0.30, 69, 69, 72, 72, cy: 13978
> 0.01, -0.05, 0.01, -0.15, 1.63, 1.42, 71, 71, 70, 70, cy: 14119
> 0.02, -0.04, -0.01, -0.60, -2.75, -1.46, 68, 68, 73, 73, cy: 14260
> 0.01, -0.03, 0.01, -0.01, 3.50, 3.01, 73, 73, 68, 68, cy: 14399
> 0.01, -0.05, -0.04, -0.55, 2.83, 0.08, 72, 72, 69, 69, cy: 14537
> -0.01, -0.06, -0.02, 0.59, 4.00, 4.00, 74, 74, 67, 67, cy: 14675
> 0.00, 0.01, 0.05, -0.07, -1.49, 0.35, 69, 69, 72, 72, cy: 14817
> 0.01, 0.00, 0.01, 0.99, 3.02, 1.35, 73, 73, 68, 68, cy: 14959
> 0.01, 0.01, 0.03, -0.55, 3.69, -1.98, 73, 73, 68, 68, cy: 15101
sd48
Out of process cmd: sd48
3
LIFT: sd48
48
D single
sc48
Out of process cmd: sc48
3
LIFT: sc48
48
C single
> 0.02, -0.01, -0.01, -0.15, 2.58, -2.19, 72, 72, 71, 71, cy: 15244
> 0.02, -0.06, -0.00, 0.39, -1.88, -3.02, 69, 69, 74, 74, cy: 15385
> 0.01, -0.15, 0.01, -0.07, 0.43, -0.55, 70, 70, 73, 73, cy: 15525
> 0.01, -0.10, 0.01, -0.03, -1.56, -1.61, 69, 69, 74, 74, cy: 15665
> 0.01, -0.17, -0.01, -0.50, 3.49, 2.33, 73, 73, 70, 70, cy: 15807
> 0.01, 0.01, -0.03, -0.52, -3.92, 0.27, 67, 67, 76, 76, cy: 15950
> 0.00, -0.33, -0.03, 0.49, -2.22, 1.15, 68, 68, 75, 75, cy: 16093
> 0.00, 0.03, -0.00, -0.39, -3.21, 2.49, 67, 67, 76, 76, cy: 16237
> 0.01, -0.36, -0.03, -0.50, 4.00, -0.15, 74, 74, 69, 69, cy: 16382
> 0.01, -0.47, -0.02, -0.62, -4.00, -1.71, 66, 66, 77, 77, cy: 16525
> 0.01, -0.41, -0.03, 0.43, -4.00, 4.00, 66, 66, 77, 77, cy: 16669
> 0.01, -0.10, 0.02, -0.16, 4.00, -4.00, 74, 74, 69, 69, cy: 16812
> 0.02, -0.64, 0.22, 0.56, 4.00, 4.00, 74, 74, 69, 69, cy: 16955
> 0.01, -0.88, -0.09, -0.70, 4.00, 4.00, 74, 74, 69, 69, cy: 17098
> 0.00, -0.44, -0.08, 0.19, -4.00, 2.24, 66, 66, 77, 77, cy: 17240
> 0.01, -0.83, -0.13, -1.08, 4.00, 4.00, 74, 74, 69, 69, cy: 17383
> 0.02, -0.74, -0.05, -0.75, -3.69, 2.39, 67, 67, 76, 76, cy: 17525
> 0.01, -0.10, -0.07, -0.05, 4.00, -4.00, 74, 74, 69, 69, cy: 17668
> 0.00, -0.24, 0.00, 0.28, -2.43, -3.73, 68, 68, 75, 75, cy: 17809
> 0.00, -0.43, 0.00, -0.05, -4.00, 3.56, 66, 66, 77, 77, cy: 17947
> 0.01, -0.18, 0.03, 0.25, -3.78, -2.91, 67, 67, 76, 76, cy: 18088
> 0.00, -0.05, 0.04, 0.08, -2.46, -4.00, 68, 68, 75, 75, cy: 18232
> 0.00, -0.22, 0.10, -0.57, 4.00, 4.00, 74, 74, 69, 69, cy: 18374
> 0.00, -0.87, 0.06, 0.58, 4.00, -0.51, 74, 74, 69, 69, cy: 18516
> 0.01, -0.63, 0.05, 0.30, 4.00, 0.92, 74, 74, 69, 69, cy: 18660
> 0.01, -1.04, 0.07, -0.50, 4.00, -1.33, 74, 74, 69, 69, cy: 18803
> -0.00, -0.35, 0.02, -0.22, -0.06, 4.00, 70, 70, 73, 73, cy: 18944
> -0.00, -0.34, 0.05, 0.20, 4.00, 0.83, 74, 74, 69, 69, cy: 19088
> -0.00, -0.09, 0.05, 0.24, 4.00, 3.39, 74, 74, 69, 69, cy: 19231
> -0.01, -0.18, 0.09, 0.81, 4.00, -4.00, 74, 74, 69, 69, cy: 19376
> -0.00, -0.06, 0.10, -0.20, 4.00, -3.10, 74, 74, 69, 69, cy: 19518
> 0.00, -0.03, 0.03, 0.36, 2.43, -1.04, 72, 72, 71, 71, cy: 19661
> 0.00, -0.29, 0.18, -0.10, 4.00, -1.29, 74, 74, 69, 69, cy: 19804
> 0.01, -0.87, -0.01, 0.23, 4.00, -0.04, 74, 74, 69, 69, cy: 19947
> 0.01, -0.84, 0.02, 0.23, -4.00, -4.00, 66, 66, 77, 77, cy: 20091
> 0.01, -0.87, 0.01, -0.02, 2.65, -0.05, 72, 72, 71, 71, cy: 20235
> 0.01, 0.03, -0.42, -0.79, 2.47, -4.00, 72, 72, 71, 71, cy: 20381
> 0.02, -0.12, -0.10, -0.06, 0.33, 0.26, 70, 70, 73, 73, cy: 20523
> 0.00, -0.19, -0.03, -0.00, 0.55, 0.08, 70, 70, 73, 73, cy: 20665
> -0.00, -0.04, -0.02, 0.63, -2.31, 4.00, 68, 68, 75, 75, cy: 20810
> 0.00, -0.12, -0.00, 0.66, -4.00, 1.36, 66, 66, 77, 77, cy: 20954
> 0.00, 0.02, 0.01, -0.02, -0.07, -0.02, 70, 70, 73, 73, cy: 21096
> 0.00, -0.10, 0.13, -0.00, 0.20, -0.39, 70, 70, 73, 73, cy: 21239
> -0.00, -0.14, 0.00, 0.64, 4.00, -3.56, 74, 74, 69, 69, cy: 21383
> 0.01, -0.87, -0.01, -0.24, 4.00, 3.19, 74, 74, 69, 69, cy: 21527
> 0.01, -0.29, -0.02, -0.03, 0.88, 0.04, 70, 70, 73, 73, cy: 21671
> 0.00, -0.14, 0.02, -0.03, 4.00, 1.74, 74, 74, 69, 69, cy: 21811
> 0.01, -0.19, -0.04, -0.02, 4.00, -3.83, 74, 74, 69, 69, cy: 21952
> 0.01, -0.32, 0.01, -0.08, -4.00, -0.42, 66, 66, 77, 77, cy: 22097
> -0.00, 0.04, -0.01, -0.07, 4.00, 4.00, 74, 74, 69, 69, cy: 22239
> 0.00, -0.33, 0.02, -0.95, -3.69, -1.32, 67, 67, 76, 76, cy: 22384
> 0.00, -0.08, 0.02, 0.55, -2.31, -2.49, 68, 68, 75, 75, cy: 22525
> -0.00, -0.09, 0.02, 0.56, 0.39, 0.48, 70, 70, 73, 73, cy: 22666
> -0.00, 0.05, 0.05, -0.03, 4.00, -0.91, 74, 74, 69, 69, cy: 22807
> -0.00, -0.26, 0.04, -0.07, 4.00, -2.07, 74, 74, 69, 69, cy: 22951
> 0.01, -0.25, 0.01, -0.64, -4.00, 1.94, 66, 66, 77, 77, cy: 23093
> -0.00, -0.06, 0.02, 0.00, 0.10, -0.09, 70, 70, 73, 73, cy: 23237
> 0.01, -0.50, 0.05, -0.01, 1.46, -0.15, 71, 71, 72, 72, cy: 23380
> 0.01, -0.52, 0.02, -0.01, 1.54, -0.07, 71, 71, 72, 72, cy: 23523
> -0.00, -0.17, 0.05, 0.49, 4.00, -1.44, 74, 74, 69, 69, cy: 23665
> 0.00, -0.18, 0.04, -0.48, -0.55, 0.40, 70, 70, 73, 73, cy: 23810
> 0.00, -0.06, 0.04, -0.00, 0.12, -0.15, 70, 70, 73, 73, cy: 23953
> 0.01, 0.03, -0.02, -0.34, 3.76, 2.09, 73, 73, 70, 70, cy: 24096
> 0.00, -0.20, 0.04, -0.05, 4.00, 0.71, 74, 74, 69, 69, cy: 24238
> 0.01, -0.44, 0.06, 0.09, 0.91, -0.84, 70, 70, 73, 73, cy: 24381
ENGINE SETUP
initializing
Ready
Initializing I2C devices...
Testing device connections...
MPU6050 connection successful

Send any character to begin DMP programming and demo: 
Initializing DMP...
Enabling DMP...
Enabling interrupt detection (Arduino external interrupt 0)...
DMP ready! Waiting for first interrupt...
f
Out of process cmd: f
6
FSTOP
Checking gyroscope stability ...
Reseting stability count.
> 1.00, 1.29, 1.67, 0.00, 0.00, 0.00, 25, 25, 25, 25, cy: 1
Checking gyroscope stability ...
Reseting stability count.
> 0.01, 2.26, 3.77, 0.00, 0.00, 0.00, 25, 25, 25, 25, cy: 135
Checking gyroscope stability ...
Reseting stability count.
> 0.02, 3.03, 5.97, 0.00, 0.00, 0.00, 25, 25, 25, 25, cy: 274
Checking gyroscope stability ...
Reseting stability count.
> 0.01, 2.31, 3.95, 0.00, 0.00, 0.00, 25, 25, 25, 25, cy: 414
Checking gyroscope stability ...
Reseting stability count.
> 0.00, 1.33, 1.72, 0.00, 0.00, 0.00, 25, 25, 25, 25, cy: 552
Checking gyroscope stability ...
Reseting stability count.
> -0.00, 0.78, 0.55, 0.00, 0.00, 0.00, 25, 25, 25, 25, cy: 691
Checking gyroscope stability ...
Reseting stability count.
> -0.00, 0.53, 0.00, 0.00, 0.00, 0.00, 25, 25, 25, 25, cy: 832
Checking gyroscope stability ...
Reseting stability count.
> -0.00, 0.42, -0.25, 0.00, 0.00, 0.00, 25, 25, 25, 25, cy: 970

