Checking gyroscope stability ...
> 0.00, 0.06, -0.01, 0.00, 0.00, 0.00, 25, 25, 25, 25, cy: 2803
Checking gyroscope stability ...
> 0.00, 0.05, -0.01, 0.00, 0.00, 0.00, 25, 25, 25, 25, cy: 2942
Checking gyroscope stability ...
> 0.00, 0.05, -0.01, 0.00, 0.00, 0.00, 25, 25, 25, 25, cy: 3083
Checking gyroscope stability ...
> 0.00, 0.05, -0.02, 0.00, 0.00, 0.00, 25, 25, 25, 25, cy: 3225
Checking gyroscope stability ...
ALL GYROSCOPE GIMBALS STEADY: ready for takeoff.
> 0.00, 0.05, -0.02, 0.00, -4.00, 4.00, 25, 25, 25, 25, cy: 3363
> 0.00, 0.05, -0.02, -0.00, -0.00, -0.00, 25, 25, 25, 25, cy: 3497
> 0.00, 0.05, -0.02, 0.00, -0.00, -0.00, 25, 25, 25, 25, cy: 3640
> 0.00, 0.05, -0.02, 0.00, 0.00, 0.00, 25, 25, 25, 25, cy: 3784
> 0.00, 0.05, -0.02, -0.00, 0.00, -0.00, 25, 25, 25, 25, cy: 3928
> 0.00, 0.05, -0.02, -0.00, 0.00, 0.00, 25, 25, 25, 25, cy: 4072
> 0.00, 0.05, -0.02, 0.00, 0.00, 0.00, 25, 25, 25, 25, cy: 4214
> 0.00, 0.05, -0.02, 0.00, 0.00, 0.00, 25, 25, 25, 25, cy: 4358
> 0.00, 0.05, -0.02, 0.00, -0.00, 0.00, 25, 25, 25, 25, cy: 4503
> 0.00, 0.05, -0.02, 0.00, 0.00, 0.00, 25, 25, 25, 25, cy: 4649
ac
Out of process cmd: ac
13
ATTITUDE CONTROL ENABLED
l30
Out of process cmd: l30
4
LIFT: l30
> -0.00, 0.05, -0.02, 0.64, 0.32, -0.28, 55, 55, 55, 55, cy: 4792
> -0.00, 0.04, -0.02, -1.23, 0.68, -0.54, 55, 55, 55, 55, cy: 4937
> 0.00, 0.04, -0.01, -0.00, 0.02, -0.04, 55, 55, 55, 55, cy: 5078
> 0.00, 0.04, -0.01, -0.00, 1.16, -1.99, 55, 57, 53, 55, cy: 5221
> 0.00, 0.05, -0.01, -0.00, 0.01, -0.01, 55, 55, 55, 55, cy: 5363
> -0.00, 0.04, -0.02, -1.23, -1.73, -0.27, 54, 54, 56, 56, cy: 5506
> -0.00, 0.03, -0.01, 0.19, 1.31, 1.66, 57, 55, 55, 53, cy: 5649
> -0.00, 0.04, -0.02, -0.09, -3.67, 0.63, 52, 52, 58, 58, cy: 5793
> -0.00, 0.04, -0.01, 0.00, 0.04, -0.02, 55, 55, 55, 55, cy: 5933
> -0.00, 0.04, 0.00, -0.68, -0.40, 0.77, 55, 55, 55, 55, cy: 6076
> 0.00, 0.03, -0.00, -0.11, -2.00, 1.41, 54, 52, 58, 56, cy: 6216
> -0.00, 0.03, -0.02, 0.00, 0.05, -0.01, 55, 55, 55, 55, cy: 6358
> -0.00, 0.05, -0.01, -0.00, 0.01, -0.02, 55, 55, 55, 55, cy: 6499
> 0.00, 0.04, -0.01, -0.00, 0.04, -0.03, 55, 55, 55, 55, cy: 6644
> 0.00, 0.04, -0.01, -0.00, 0.03, -0.03, 55, 55, 55, 55, cy: 6785
sc35
Out of process cmd: sc35
3
LIFT: sc35
35
C single
sd35
Out of process cmd: sd35
3
LIFT: sd35
35
D single
> -0.00, 0.03, -0.01, 0.25, -1.82, -1.29, 53, 55, 60, 62, cy: 6927
> 0.00, 0.03, -0.01, -0.00, 0.07, -0.04, 55, 55, 60, 60, cy: 7070
> -0.00, 0.05, -0.01, 0.13, 0.38, 1.25, 56, 54, 61, 59, cy: 7212
> -0.00, 0.05, -0.01, -0.68, 1.06, 0.79, 56, 56, 59, 59, cy: 7357
> -0.01, 0.05, -0.01, -0.67, 0.14, 0.91, 55, 55, 60, 60, cy: 7500
> 0.00, 0.04, -0.01, -0.00, 0.03, -0.03, 55, 55, 60, 60, cy: 7641
> 0.00, 0.04, -0.01, -0.00, 0.03, -0.01, 55, 55, 60, 60, cy: 7783
> -0.00, 0.04, -0.02, 0.69, -0.54, -0.13, 55, 55, 60, 60, cy: 7925
> 0.00, 0.05, -0.01, 0.26, 0.12, 0.92, 55, 55, 60, 60, cy: 8067
> -0.00, 0.05, -0.02, 0.69, -0.68, -1.05, 54, 56, 59, 61, cy: 8207
> 0.00, 0.04, -0.01, -0.01, 2.51, 2.88, 59, 55, 60, 56, cy: 8349
sc40
Out of process cmd: sc40
3
LIFT: sc40
40
C single
> 0.00, 0.05, -0.01, -0.69, 3.86, 0.43, 58, 58, 62, 57, cy: 8489
sd40
Out of process cmd: sd40
3
LIFT: sd40
40
D single
> 0.00, 0.04, -0.01, -0.69, 0.50, 0.68, 55, 55, 65, 65, cy: 8629
> -0.00, 0.03, -0.01, -0.56, 2.05, 0.66, 57, 57, 63, 63, cy: 8771
> -0.00, 0.04, -0.02, 0.13, -1.82, 0.27, 54, 54, 66, 66, cy: 8915
> 0.00, 0.03, -0.02, -0.57, 0.69, 1.62, 56, 54, 66, 64, cy: 9056
> 0.00, 0.03, -0.02, -0.46, 0.17, -0.59, 55, 55, 65, 65, cy: 9199
> 0.00, 0.02, -0.02, -0.68, 1.21, -1.32, 55, 57, 63, 65, cy: 9341
> 0.00, 0.01, -0.03, 0.00, 3.09, 2.55, 60, 56, 64, 60, cy: 9486
> 0.00, -0.01, -0.02, -0.58, 2.25, -2.12, 55, 59, 61, 65, cy: 9627
> 0.00, 0.01, -0.04, 1.16, -1.88, 2.26, 56, 52, 68, 64, cy: 9767
> 0.00, 0.00, -0.03, -0.11, 2.14, 1.11, 58, 56, 64, 62, cy: 9910
> 0.00, -0.00, -0.03, -0.63, 0.09, 1.22, 56, 54, 66, 64, cy: 10051
> -0.00, -0.01, -0.03, 0.59, -2.57, 1.38, 54, 52, 68, 66, cy: 10192
> -0.00, 0.00, -0.03, 0.01, 0.70, 1.23, 56, 54, 66, 64, cy: 10336
> -0.00, 0.01, -0.03, -0.00, 0.12, 0.04, 55, 55, 65, 65, cy: 10476
> 0.00, 0.01, -0.04, 0.56, -2.22, -0.59, 53, 53, 67, 67, cy: 10618
> 0.00, -0.00, -0.04, 1.19, 0.17, 0.08, 55, 55, 65, 65, cy: 10759
sc43
Out of process cmd: sc43
3
LIFT: sc43
43
C single
> 0.00, 0.00, -0.05, -0.60, -0.14, -0.80, 55, 55, 68, 65, cy: 10899
sd43
Out of process cmd: sd43
3
LIFT: sd43
43
D single
> 0.00, -0.05, -0.04, 0.58, 1.17, -1.45, 55, 57, 66, 68, cy: 11039
> 0.00, -0.08, -0.06, -1.13, 4.00, -0.38, 59, 59, 64, 64, cy: 11181
> 0.01, -0.59, -0.05, -0.52, 2.88, 0.10, 57, 57, 66, 66, cy: 11320
> 0.00, -0.33, -0.05, 0.52, -4.00, -1.41, 50, 52, 71, 73, cy: 11461
> 0.00, -0.39, -0.05, 0.56, -3.72, 0.42, 52, 52, 71, 71, cy: 11606
> -0.00, -0.34, -0.05, 0.72, 4.00, -2.47, 57, 61, 62, 66, cy: 11748
> -0.00, -0.68, -0.05, -1.16, 4.00, -3.42, 56, 62, 61, 67, cy: 11888
> 0.00, -0.48, -0.07, 0.00, 4.00, 2.11, 61, 57, 66, 62, cy: 12030
> 0.00, -0.42, -0.07, -0.29, -3.68, 0.25, 52, 52, 71, 71, cy: 12173
> 0.00, -0.32, -0.05, -0.03, -1.57, -1.18, 53, 55, 68, 70, cy: 12314
> 0.00, -0.24, -0.06, 0.04, 0.65, 0.48, 55, 55, 68, 68, cy: 12456
> 0.00, -0.63, -0.06, 0.04, 4.00, -0.88, 59, 59, 64, 64, cy: 12599
> -0.00, -0.35, -0.06, -0.12, 0.91, -1.00, 55, 55, 68, 68, cy: 12741
> -0.00, -0.42, -0.07, 0.66, 4.00, 0.85, 59, 59, 64, 64, cy: 12886
> 0.01, -0.37, -0.07, -0.35, -4.00, 1.99, 52, 50, 73, 71, cy: 13029
> 0.00, -0.36, -0.06, 0.07, -2.88, -1.07, 52, 54, 69, 71, cy: 13173
> -0.00, -0.28, -0.05, -0.39, 4.00, 0.66, 59, 59, 64, 64, cy: 13317
> -0.00, -0.27, -0.06, -0.66, 4.00, 0.79, 59, 59, 64, 64, cy: 13463
> -0.00, -0.02, -0.06, 0.01, 3.17, 3.79, 61, 55, 68, 62, cy: 13606
> -0.01, -0.05, -0.08, -0.46, 4.00, 1.60, 60, 58, 65, 63, cy: 13750
> 0.00, -0.33, -0.06, -0.68, -0.59, -1.16, 54, 56, 67, 69, cy: 13892
> 0.00, -0.21, -0.08, 0.90, -4.00, 0.18, 51, 51, 72, 72, cy: 14036
> 0.00, -0.52, -0.04, -0.93, 4.00, -0.97, 59, 59, 64, 64, cy: 14179
> 0.02, -1.13, -0.05, -0.66, 2.05, 2.08, 59, 55, 68, 64, cy: 14323
> -0.00, -0.10, -0.05, 0.55, 0.20, -1.76, 54, 56, 67, 69, cy: 14463
> -0.00, -0.17, -0.04, 0.06, 4.00, 2.59, 61, 57, 66, 62, cy: 14603
> 0.01, -0.53, -0.04, -0.66, -4.00, -0.86, 51, 51, 72, 72, cy: 14747
> -0.00, -0.12, -0.03, 0.09, -4.00, 3.05, 54, 48, 75, 69, cy: 14889
> -0.00, -0.33, -0.03, -0.75, 4.00, -1.18, 58, 60, 63, 65, cy: 15032
> 0.01, -0.56, -0.03, -0.53, -4.00, 2.81, 53, 49, 74, 70, cy: 15174
> -0.00, -0.03, -0.04, 0.53, -4.00, -0.62, 51, 51, 72, 72, cy: 15319
> -0.00, -0.14, -0.02, -0.33, 4.00, -0.59, 59, 59, 64, 64, cy: 15460
> -0.00, -0.12, -0.01, 0.00, 4.00, -1.62, 58, 60, 63, 65, cy: 15600
> 0.00, -0.21, -0.01, -0.04, -4.00, -0.45, 51, 51, 72, 72, cy: 15742
> -0.00, -0.21, 0.00, 0.02, 4.00, -1.99, 58, 60, 63, 65, cy: 15882
> 0.00, -0.18, 0.00, 0.00, -4.00, 0.59, 51, 51, 72, 72, cy: 16023
> -0.00, -0.07, 0.01, -0.02, -0.09, 0.31, 55, 55, 68, 68, cy: 16167
> 0.00, -0.12, 0.00, 0.42, -4.00, 0.91, 51, 51, 72, 72, cy: 16306
> 0.00, -0.34, 0.01, -0.91, 4.00, 0.50, 59, 59, 64, 64, cy: 16446
> -0.00, -0.02, 0.03, 0.00, 2.84, -2.55, 55, 59, 64, 68, cy: 16590
> 0.00, -0.61, 0.04, 0.00, 4.00, 0.06, 59, 59, 64, 64, cy: 16733
> 0.00, -0.26, 0.02, 0.74, -4.00, 1.44, 52, 50, 73, 71, cy: 16874
> 0.00, -0.18, 0.02, 0.43, 4.00, 2.33, 61, 57, 66, 62, cy: 17016
> 0.00, -0.18, 0.02, -0.46, -4.00, 0.31, 51, 51, 72, 72, cy: 17157
> 0.00, -0.16, 0.01, 0.82, 3.17, 0.29, 58, 58, 65, 65, cy: 17300
> -0.00, -0.04, 0.02, 0.43, 4.00, -0.17, 59, 59, 64, 64, cy: 17440
> 0.00, 0.01, 0.02, -0.00, 3.02, -3.92, 55, 61, 62, 68, cy: 17582
> 0.00, -0.01, 0.03, 0.84, 3.53, -1.03, 57, 59, 64, 66, cy: 17721
f
Out of process cmd: f
6
FSTOP
> -0.00, 0.01, 0.01, 0.83, -2.64, -0.77, 28, 28, 22, 22, cy: 17863
> 0.00, 0.01, 0.02, -0.00, -0.12, 0.03, 28, 28, 22, 22, cy: 18004
> 0.00, 0.01, 0.02, -0.00, -0.13, 0.02, 28, 28, 22, 22, cy: 18149
> 0.00, 0.01, 0.02, -0.00, -0.13, 0.02, 28, 28, 22, 22, cy: 18293
l35
Out of process cmd: l35
4
LIFT: l35
> -0.00, 0.01, 0.02, 0.84, -0.57, -0.81, 63, 63, 57, 57, cy: 18435
> -0.00, 0.00, 0.01, 0.84, -2.63, -0.32, 63, 63, 57, 57, cy: 18578
> 0.00, -0.00, -0.00, -0.42, -1.33, 0.95, 63, 63, 57, 57, cy: 18721
> -0.00, -0.01, 0.00, -0.00, 2.43, -1.23, 63, 63, 57, 57, cy: 18862
> -0.00, 0.01, 0.02, 0.00, 1.97, -0.44, 63, 63, 57, 57, cy: 19002
l40
Out of process cmd: l40
4
LIFT: l40
> 0.00, 0.01, 0.02, -0.01, -0.58, -1.66, 68, 68, 62, 62, cy: 19145
> -0.00, 0.00, 0.04, 0.42, 0.74, -0.05, 68, 68, 62, 62, cy: 19290
> -0.00, 0.00, 0.03, 0.02, 2.42, 0.36, 68, 68, 62, 62, cy: 19431
> 0.00, 0.02, 0.02, 0.41, -2.25, -0.36, 68, 68, 62, 62, cy: 19574
l45
Out of process cmd: l45
4
LIFT: l45
> 0.00, 0.02, 0.02, -0.43, 0.67, -0.82, 73, 73, 67, 67, cy: 19718
> 0.00, 0.02, 0.02, 0.41, -1.87, -2.04, 73, 73, 67, 67, cy: 19861
> -0.00, 0.01, 0.02, 0.00, 1.12, -0.00, 73, 73, 67, 67, cy: 20003
> 0.00, 0.01, 0.02, -0.42, 1.11, -0.84, 73, 73, 67, 67, cy: 20146
> -0.00, 0.02, 0.01, 0.42, -0.99, 0.05, 73, 73, 67, 67, cy: 20289
> -0.00, 0.02, 0.02, -0.00, -2.27, -0.38, 73, 73, 67, 67, cy: 20432
l47
Out of process cmd: l47
4
LIFT: l47
> 0.00, 0.01, 0.03, -0.85, -0.99, -0.84, 75, 75, 69, 69, cy: 20574
> 0.00, 0.02, 0.02, -0.43, -1.81, 0.46, 75, 75, 69, 69, cy: 20718
ENGINE SETUP
initializing
Ready
Initializing I2C devices...
Testing device connections...
MPU6050 connection successful

Send any character to begin DMP programming and demo: 
Initializing DMP...
Enabling DMP...
Enabling interrupt detection (Arduino external interrupt 0)...
DMP ready! Waiting for first interrupt...
Checking gyroscope stability ...
Reseting stability count.
> 1.00, 0.39, 1.17, 0.00, 0.00, 0.00, 25, 25, 25, 25, cy: 1
Checking gyroscope stability ...
Reseting stability count.
> 0.00, 0.53, 2.99, 0.00, 0.00, 0.00, 25, 25, 25, 25, cy: 134

