> 81.82, -0.03, 0.08, -0.06, 0.00, 0.07, 25, 25, 25, 25, cy: 4378
> 81.81, -0.05, 0.08, -0.04, 0.01, 0.11, 25, 25, 25, 25, cy: 4521
> 81.81, -0.03, 0.08, -0.01, -0.02, 0.15, 25, 25, 25, 25, cy: 4665
> 81.81, -0.02, 0.09, 0.01, -0.08, 0.15, 25, 25, 25, 25, cy: 4807
> 81.81, -0.03, 0.09, 0.03, -0.13, 0.17, 25, 25, 25, 25, cy: 4951
> 81.79, -0.04, 0.09, 0.10, -0.14, 0.19, 25, 25, 25, 25, cy: 5092
> 81.78, -0.03, 0.09, 0.18, -0.17, 0.20, 25, 25, 25, 25, cy: 5233
> 81.77, -0.03, 0.08, 0.29, -0.19, 0.21, 25, 25, 25, 25, cy: 5376
> 81.75, -0.03, 0.08, 0.45, -0.21, 0.24, 25, 25, 25, 25, cy: 5519
> 81.73, -0.04, 0.08, 0.63, -0.23, 0.28, 25, 25, 25, 25, cy: 5663
> 81.73, -0.04, 0.08, 0.82, -0.24, 0.32, 25, 25, 25, 25, cy: 5806
ac
Out of process cmd: ac
13
ATTITUDE CONTROL ENABLED
l30
Out of process cmd: l30
4
LIFT: l30
> 81.72, -0.03, 0.09, 2.00, -4.00, 3.62, 56, 46, 60, 58, cy: 5947
> 82.81, -0.19, -0.09, -1.20, 4.00, 4.00, 62, 56, 56, 46, cy: 6090
> 85.56, -0.22, -0.13, -1.72, -1.98, -4.00, 49, 59, 53, 59, cy: 6233
> 87.31, -0.23, -0.06, -2.00, 1.87, 0.37, 54, 58, 56, 52, cy: 6376
> 91.00, -0.39, -0.17, -2.00, -2.33, -4.00, 47, 59, 55, 59, cy: 6521
> 92.49, -0.39, -0.15, -2.00, 0.98, -1.24, 52, 58, 56, 54, cy: 6664
l35
Out of process cmd: l35
4
LIFT: l35
> 94.18, -0.41, -0.24, -2.00, 1.97, 1.81, 60, 62, 62, 56, cy: 6808
> 98.24, -0.13, 0.13, -2.00, 3.08, -1.51, 60, 66, 58, 56, cy: 6948
> 99.25, 0.23, 0.45, -2.00, 1.37, 2.95, 61, 61, 63, 55, cy: 7090
> 100.24, -0.51, -0.18, -2.00, 2.57, 1.64, 61, 63, 61, 55, cy: 7232
> 100.90, -0.43, -0.15, -2.00, 0.88, -4.00, 54, 66, 58, 62, cy: 7376
> 101.96, -0.35, -0.10, -2.00, 4.00, -4.00, 58, 70, 54, 58, cy: 7519
> 103.35, -0.25, 0.08, -2.00, -2.12, 3.35, 59, 57, 67, 57, cy: 7660
l38
Out of process cmd: l38
4
LIFT: l38
> 104.59, 0.11, 0.28, -2.00, 3.17, 0.67, 64, 68, 62, 58, cy: 7804
> 106.79, 0.14, 0.24, -2.00, 1.13, -1.98, 61, 67, 63, 61, cy: 7950
> 106.69, -0.17, -0.13, -2.00, -4.00, -2.68, 55, 63, 67, 67, cy: 8095
> 107.12, -0.30, -0.15, -2.00, 4.00, 4.00, 69, 65, 65, 53, cy: 8237
l40
Out of process cmd: l40
4
LIFT: l40
> 107.09, -0.03, 0.14, -2.00, 4.00, -4.00, 63, 75, 59, 63, cy: 8380
> 109.25, 0.15, 0.36, -2.00, -4.00, -4.00, 55, 67, 67, 71, cy: 8524
> 112.20, -0.23, -0.03, -2.00, -4.00, -4.00, 55, 67, 67, 71, cy: 8668
> 115.31, -0.06, 0.27, -2.00, 4.00, -4.00, 63, 75, 59, 63, cy: 8812
> 119.87, -0.26, 0.08, -2.00, 4.00, -3.76, 64, 74, 60, 62, cy: 8955
l42
Out of process cmd: l42
4
LIFT: l42
> 122.90, 0.00, 0.37, -2.00, 3.85, -1.62, 67, 73, 65, 63, cy: 9098
> 123.32, -0.29, -0.23, -2.00, -0.74, -1.69, 64, 70, 68, 66, cy: 9243
> 114.25, 0.78, 0.30, -2.00, -4.00, -4.00, 57, 69, 69, 73, cy: 9386
> 100.51, -0.52, -1.80, -2.00, 4.00, 4.00, 73, 69, 69, 57, cy: 9531
> 94.73, 0.19, -0.01, 2.00, -4.00, -4.00, 61, 65, 65, 77, cy: 9674
> 81.57, 0.08, -0.08, 2.00, 2.67, 0.23, 71, 67, 63, 67, cy: 9818
> 74.07, 0.10, -0.01, 2.00, 4.00, 4.00, 77, 65, 65, 61, cy: 9960
l43
Out of process cmd: l43
4
LIFT: l43
> 75.41, 0.13, 0.10, 2.00, 4.00, 4.00, 78, 66, 66, 62, cy: 10103
> 77.78, -0.02, 0.07, 2.00, 4.00, 4.00, 78, 66, 66, 62, cy: 10245
> 80.39, 0.29, 0.20, -2.00, 4.00, 4.00, 74, 70, 70, 58, cy: 10388
> 82.73, -0.19, -0.35, -2.00, -4.00, 1.48, 63, 65, 75, 69, cy: 10532
l44
Out of process cmd: l44
4
LIFT: l44
> 85.66, 0.13, 0.18, -2.00, -4.00, -4.00, 59, 71, 71, 75, cy: 10676
> 84.26, 0.13, 0.43, -2.00, 4.00, -4.00, 67, 79, 63, 67, cy: 10819
> 85.70, 0.28, 0.31, -2.00, -2.03, 0.35, 65, 69, 73, 69, cy: 10961
l45
Out of process cmd: l45
4
LIFT: l45
> 85.25, -0.52, -0.31, -2.00, 4.00, 4.00, 76, 72, 72, 60, cy: 11106
> 78.94, -0.50, -0.87, 2.00, 4.00, 4.00, 80, 68, 68, 64, cy: 11250
> 75.16, -0.73, -0.18, 2.00, 1.56, -0.23, 73, 69, 67, 71, cy: 11395
> 67.50, -0.08, 1.07, 2.00, 4.00, -2.10, 74, 74, 62, 70, cy: 11538
> 55.91, 0.69, -0.13, 2.00, 4.00, -4.00, 72, 76, 60, 72, cy: 11679
> 49.06, -0.34, 0.41, 2.00, 4.00, -4.00, 72, 76, 60, 72, cy: 11824
> 41.36, -0.29, -0.05, 2.00, 4.00, -2.15, 74, 74, 62, 70, cy: 11968
> 30.12, -0.07, -0.36, 2.00, 4.00, -4.00, 72, 76, 60, 72, cy: 12112
l46
Out of process cmd: l46
4
LIFT: l46
> 18.25, -0.62, 0.47, 2.00, -1.12, 0.91, 72, 68, 70, 74, cy: 12257
> 8.37, -0.75, 0.70, 2.00, -4.00, 4.00, 73, 61, 77, 73, cy: 12400
> -0.90, -0.86, 0.17, 2.00, 4.00, 4.00, 81, 69, 69, 65, cy: 12546
> -7.86, -0.59, 0.76, 2.00, -4.00, -0.36, 69, 65, 73, 77, cy: 12691
> -14.71, 0.05, 0.27, 2.00, -4.00, 4.00, 73, 61, 77, 73, cy: 12832
> -18.86, 1.43, -0.24, 2.00, 4.00, -4.00, 73, 77, 61, 73, cy: 12978
l47
Out of process cmd: l47
4
LIFT: l47
> -27.00, -0.05, 0.76, 2.00, 2.74, 4.00, 80, 68, 72, 68, cy: 13122
> -38.31, -0.13, -0.32, 2.00, -1.68, 4.00, 77, 65, 75, 71, cy: 13268
> -39.48, -0.12, -0.05, 2.00, 4.00, 4.00, 82, 70, 70, 66, cy: 13409
> -39.19, 0.15, 0.08, 2.00, -4.00, -4.00, 66, 70, 70, 82, cy: 13552
> -50.00, 0.85, 3.32, 2.00, -4.00, 4.00, 74, 62, 78, 74, cy: 13696
> -50.02, -1.01, -6.06, 2.00, 4.00, -4.00, 74, 78, 62, 74, cy: 13841
> -33.84, 2.10, 2.72, 2.00, -4.00, 4.00, 74, 62, 78, 74, cy: 13984
> -67.51, -9.52, -0.62, 2.00, 4.00, -4.00, 74, 78, 62, 74, cy: 14131
> -111.92, -3.27, -0.04, 2.00, -4.00, 4.00, 74, 62, 78, 74, cy: 14275
> -164.17, -1.00, 7.11, 2.00, 4.00, -4.00, 74, 78, 62, 74, cy: 14418
> 159.80, -1.03, -23.67, -2.00, -2.23, 4.00, 72, 68, 80, 68, cy: 14560
> 155.97, -0.68, -17.96, -2.00, -4.00, -4.00, 62, 74, 74, 78, cy: 14702
> 153.04, -0.46, -16.99, -2.00, 4.00, -4.00, 70, 82, 66, 70, cy: 14843
> 145.80, -0.57, -18.10, -2.00, 2.01, -4.00, 68, 80, 68, 72, cy: 14986
> 139.52, -0.53, -12.12, -2.00, -4.00, -4.00, 62, 74, 74, 78, cy: 15126
> 126.91, -0.97, -13.07, -2.00, 4.00, 4.00, 78, 74, 74, 62, cy: 15267
> 108.61, -1.24, -14.05, -2.00, 4.00, 4.00, 78, 74, 74, 62, cy: 15410
> 98.32, -0.61, -11.83, 2.00, -4.00, 4.00, 74, 62, 78, 74, cy: 15552
> 90.83, -0.63, -11.72, -2.00, 3.74, 4.00, 77, 73, 75, 63, cy: 15693
> 84.02, -0.99, -12.06, -2.00, 4.00, 4.00, 78, 74, 74, 62, cy: 15836
> 85.13, -0.78, -12.43, -2.00, 2.44, 4.00, 76, 72, 76, 64, cy: 15979
> 86.40, -0.58, -13.86, 1.08, 4.00, 2.76, 79, 73, 69, 67, cy: 16122
> 85.66, -0.52, -16.96, 2.00, 4.00, -2.14, 76, 76, 64, 72, cy: 16264
> 84.91, -0.63, -14.63, -2.00, 4.00, 4.00, 78, 74, 74, 62, cy: 16405
> 85.13, -0.49, -17.77, -0.58, 4.00, 4.00, 80, 72, 72, 64, cy: 16550
> 84.62, -0.48, -13.52, 2.00, 4.00, -3.55, 75, 77, 63, 73, cy: 16692
> 84.06, -0.61, -13.24, -2.00, 4.00, 4.00, 78, 74, 74, 62, cy: 16835
> 83.65, -0.48, -11.72, 0.55, 4.00, 4.00, 80, 72, 72, 64, cy: 16975
> 83.98, -0.64, -12.72, -1.53, 4.00, 4.00, 79, 73, 73, 63, cy: 17115
> 83.90, -0.62, -12.98, -2.00, 4.00, 4.00, 78, 74, 74, 62, cy: 17257
> 84.43, -0.63, -12.32, -2.00, 4.00, 4.00, 78, 74, 74, 62, cy: 17399
> 84.86, -0.48, -14.54, -1.48, 3.75, 4.00, 78, 72, 74, 64, cy: 17541
> 84.82, -0.43, -13.10, 2.00, 2.66, -4.00, 72, 76, 64, 76, cy: 17685
> 84.25, -0.52, -10.96, -2.00, 0.29, 4.00, 74, 70, 78, 66, cy: 17829
> 85.04, -0.56, -16.57, -2.00, 0.07, 4.00, 74, 70, 78, 66, cy: 17975
> 84.79, -0.48, -15.65, 1.54, 2.31, -4.00, 71, 77, 65, 75, cy: 18119
> 83.93, -0.45, -13.10, 2.00, -1.87, -4.00, 69, 73, 67, 79, cy: 18260
> 83.47, -0.62, -12.11, -2.00, 4.00, 4.00, 78, 74, 74, 62, cy: 18400
> 84.08, -0.39, -10.72, -2.00, 0.74, 1.98, 71, 73, 75, 69, cy: 18543
> 84.38, -0.46, -10.19, -2.00, 4.00, 1.24, 75, 77, 71, 65, cy: 18686
> 84.57, -0.49, -9.81, -2.00, 4.00, 4.00, 78, 74, 74, 62, cy: 18828
> 83.31, -0.27, -6.83, -2.00, -3.36, -1.56, 66, 72, 76, 74, cy: 18970
> 79.88, -0.01, -1.63, -0.75, 4.00, 4.00, 80, 72, 72, 64, cy: 19112
> 83.56, 6.67, 9.42, -2.00, -4.00, 4.00, 70, 66, 82, 70, cy: 19255
FIFO overflow!
Stuck within the pid loop, resetting and bailing out.
FSTOP
Initializing I2C devices...
Testing device connections...
MPU6050 connection successful

Send any character to begin DMP programming and demo: 
Initializing DMP...
Enabling DMP...
Enabling interrupt detection (Arduino external interrupt 0)...
DMP ready! Waiting for first interrupt...
> 98.15, 4.80, 63.06, 0.00, 0.00, 0.00, 23, 35, 19, 23, cy: 19273
> -11.31, -73.63, -8.42, 2.00, 4.00, 4.00, 23, 35, 19, 23, cy: 19409
> -168.61, -58.83, -9.07, 2.00, -4.00, 4.00, 23, 35, 19, 23, cy: 19551
> -171.01, -28.40, -8.17, 2.00, -4.00, 4.00, 23, 35, 19, 23, cy: 19694
> -170.67, -12.13, -7.20, 2.00, -1.45, 4.00, 23, 35, 19, 23, cy: 19836
> -170.00, -4.28, -6.57, 2.00, 3.27, 4.00, 23, 35, 19, 23, cy: 19979
> -169.31, -0.61, -6.23, 2.00, 3.77, 4.00, 23, 35, 19, 23, cy: 20122
> -168.61, 1.11, -6.04, 2.00, 4.00, 4.00, 23, 35, 19, 23, cy: 20264

