> 0.00, 0.00, 0.00, 25, 25, 25, 25
Checking gyroscope stability ...
Reseting stability count.
> 0.00, 0.00, 0.00, 25, 25, 25, 25
Checking gyroscope stability ...
Reseting stability count.
> 0.00, 0.00, 0.00, 25, 25, 25, 25
Checking gyroscope stability ...
Reseting stability count.
> 0.00, 0.00, 0.00, 25, 25, 25, 25
Checking gyroscope stability ...
ac
Out of process cmd: ac
13
ATTITUDE CONTROL ENABLED
l35
Out of process cmd: l35
4
LIFT: l35
> 0.00, 0.00, 0.00, 60, 60, 60, 60
Checking gyroscope stability ...
> 0.00, 0.00, 0.00, 60, 60, 60, 60
Checking gyroscope stability ...
Reseting stability count.
f
Out of process cmd: f
6
FSTOP
> 0.00, 0.00, 0.00, 25, 25, 25, 25
Checking gyroscope stability ...
Reseting stability count.
> 0.00, 0.00, 0.00, 25, 25, 25, 25
Checking gyroscope stability ...
Reseting stability count.
> 0.00, 0.00, 0.00, 25, 25, 25, 25
Checking gyroscope stability ...
Reseting stability count.
> 0.00, 0.00, 0.00, 25, 25, 25, 25
Checking gyroscope stability ...
> 0.00, 0.00, 0.00, 25, 25, 25, 25
Checking gyroscope stability ...
> 0.00, 0.00, 0.00, 25, 25, 25, 25
Checking gyroscope stability ...
> 0.00, 0.00, 0.00, 25, 25, 25, 25
Checking gyroscope stability ...
> 0.00, 0.00, 0.00, 25, 25, 25, 25
Checking gyroscope stability ...
> 0.00, 0.00, 0.00, 25, 25, 25, 25
Checking gyroscope stability ...
ALL GYROSCOPE GIMBALS STEADY: ready for takeoff.
ac
Out of process cmd: ac
13
ATTITUDE CONTROL ENABLED
> 0.00, -0.00, -0.00, 25, 25, 25, 25
l35
Out of process cmd: l35
4
LIFT: l35
> 0.05, 0.27, 0.32, 60, 60, 60, 60
> -0.03, -1.43, 0.90, 60, 60, 60, 60
> -0.65, 2.86, 3.52, 60, 60, 60, 60
> -1.15, -8.00, -2.68, 60, 60, 60, 60
> -0.57, 0.51, -0.53, 60, 60, 60, 60
> -1.53, 1.29, 6.53, 60, 60, 60, 60
> -1.51, 0.11, -1.65, 60, 60, 60, 60
> -1.46, 2.83, 0.02, 60, 60, 60, 60
> -1.84, 1.46, -1.66, 60, 60, 60, 60
l40
Out of process cmd: l40
4
LIFT: l40
> -1.47, -2.34, -0.30, 65, 65, 65, 65
> -1.99, 0.17, 2.70, 65, 65, 65, 65
> -1.15, 3.20, 0.21, 65, 65, 65, 65
> -2.05, -2.72, 1.89, 65, 65, 65, 65
> -0.60, -0.16, 1.49, 65, 65, 65, 65
> -0.47, 4.20, 3.96, 65, 65, 65, 65
> -1.54, -3.73, -1.74, 65, 65, 65, 65
> -2.67, 1.47, 2.09, 65, 65, 65, 65
> -0.96, 8.00, 6.78, 65, 65, 65, 65
> -1.29, 1.00, 5.18, 65, 65, 65, 65
> -1.90, -1.42, 8.00, 65, 65, 65, 65
> -0.41, 8.00, 4.56, 65, 65, 65, 65
> -0.61, 1.11, 5.63, 65, 65, 65, 65
> -10.23, 7.09, 8.00, 79, 65, 67, 49
> 3.13, 8.00, 8.00, 81, 65, 65, 49
> 0.48, 8.00, -0.64, 73, 73, 57, 57
> -8.21, -1.91, 6.34, 78, 68, 64, 50
> -8.05, -8.00, 0.25, 56, 58, 74, 72
> -19.98, 7.74, -0.25, 62, 68, 68, 62
> -20.00, 8.00, 8.00, 74, 70, 66, 50
> -20.00, -5.19, -0.54, 57, 63, 73, 67
l43
Out of process cmd: l43
4
LIFT: l43
> -20.00, -8.00, -8.00, 49, 71, 71, 81
> -1.48, 3.60, 2.79, 73, 69, 67, 63
> 5.57, 4.27, 8.00, 85, 67, 67, 53
> 20.00, 1.39, -5.23, 68, 62, 68, 74
l45
Out of process cmd: l45
4
LIFT: l45
> 20.00, 8.00, -4.72, 77, 79, 55, 69
> 20.00, 8.00, 8.00, 89, 67, 67, 57
> 0.72, -8.00, -8.00, 54, 70, 70, 86
> 20.00, -8.00, -4.10, 61, 63, 71, 85
> 20.00, -6.52, -8.00, 59, 69, 65, 87
> 20.00, -8.00, 8.00, 73, 51, 83, 73
> -20.00, 3.13, 8.00, 78, 68, 78, 56
> 20.00, 8.00, -8.00, 73, 83, 51, 73
l40
Out of process cmd: l40
4
LIFT: l40
> 20.00, 8.00, -8.00, 68, 78, 46, 68
> 20.00, 8.00, 6.41, 82, 64, 60, 54
> 20.00, 6.10, -7.47, 67, 75, 49, 69
> -20.00, 0.06, -8.00, 54, 76, 60, 70
> -20.00, 7.60, -1.08, 68, 76, 60, 56
> -20.00, 5.07, -8.00, 59, 65, 71, 65
l42
Out of process cmd: l42
4
LIFT: l42
> -20.00, 7.58, -8.00, 63, 85, 55, 65
> -20.00, 7.01, -4.94, 67, 81, 59, 61
> -20.00, 8.00, -8.00, 64, 86, 54, 64
> -20.00, 2.21, 0.84, 66, 72, 68, 62
> -20.00, 2.65, -8.00, 53, 73, 67, 75
> -20.00, 8.00, 8.00, 80, 70, 70, 48
> -20.00, 8.00, 4.15, 62, 84, 56, 66
> -20.00, 8.00, -4.49, 68, 82, 58, 60
> -20.00, 1.85, -3.35, 68, 82, 58, 60
> -20.00, 2.57, -8.00, 62, 84, 56, 66
> -20.00, 8.00, -1.40, 67, 83, 57, 61
> -20.00, 2.68, -8.00, 58, 80, 60, 70
l45
Out of process cmd: l45
4
LIFT: l45
> -20.00, 8.00, -8.00, 64, 86, 60, 70
> -20.00, -8.00, 8.00, 67, 57, 89, 67
f
Out of process cmd: f
6
FSTOP
> 20.00, 8.00, -8.00, 22, 12, 44, 22
> 20.00, -8.00, -8.00, 22, 12, 44, 22
> 20.00, -8.00, -8.00, 22, 12, 44, 22
l43
Out of process cmd: l43
4
LIFT: l43
> 20.00, -8.00, -8.00, 65, 55, 87, 65
> 20.00, -8.00, -8.00, 65, 55, 87, 65
> 20.00, -8.00, -8.00, 65, 55, 87, 65
l44
Out of process cmd: l44
4
LIFT: l44
> 20.00, -8.00, -8.00, 66, 56, 88, 66
> 20.00, -8.00, -8.00, 66, 56, 88, 66
> 20.00, -8.00, -8.00, 66, 56, 88, 66
> 20.00, -8.00, -8.00, 66, 56, 88, 66
> 20.00, -8.00, -8.00, 66, 56, 88, 66
> 20.00, -8.00, -8.00, 66, 56, 88, 66
l45
Out of process cmd: l45
4
LIFT: l45
> 20.00, -8.00, -8.00, 67, 57, 89, 67
> 20.00, -8.00, -8.00, 67, 57, 89, 67
> 20.00, -8.00, -8.00, 67, 57, 89, 67
> 20.00, -8.00, -8.00, 67, 57, 89, 67
> 20.00, -8.00, -8.00, 67, 57, 89, 67
> 20.00, -8.00, -8.00, 67, 57, 89, 67
> 20.00, -8.00, -8.00, 67, 57, 89, 67
> 20.00, -8.00, -8.00, 67, 57, 89, 67
l40
Out of process cmd: l40
4
LIFT: l40
> 20.00, -8.00, -8.00, 62, 52, 84, 62
ac
Out of process cmd: ac
13
ATTITUDE CONTROL ENABLED
> 11.30, -1.73, -8.00, 57, 71, 57, 75
> -12.99, -8.00, -6.00, 48, 66, 66, 80
> 4.63, -2.35, -8.00, 57, 63, 67, 73
> 14.20, 8.00, -6.50, 69, 77, 49, 65
> 10.91, 8.00, -1.90, 73, 73, 55, 59
l42
Out of process cmd: l42
4
LIFT: l42
> 20.00, -4.43, -6.26, 63, 69, 59, 77
> 20.00, 4.15, -2.20, 64, 74, 54, 76
> 20.00, -6.43, -3.85, 69, 71, 57, 71
FIFO overflow!
> 20.00, 2.55, -6.84, 67, 77, 51, 73
> 20.00, -3.98, -8.00, 59, 69, 59, 81
> 20.00, -8.00, -8.00, 54, 64, 64, 86
> 20.00, 2.10, -8.00, 64, 74, 54, 76
> 20.00, 0.07, 6.78, 76, 58, 70, 64
l43
Out of process cmd: l43
4
LIFT: l43
> 20.00, 5.08, -2.89, 71, 81, 49, 71
> 20.00, 8.00, 5.19, 85, 67, 63, 57
> 20.00, 8.00, 0.86, 79, 73, 57, 63
> 20.00, 8.00, -8.00, 67, 77, 53, 75
> 20.00, -7.80, -2.52, 70, 68, 62, 72
> 20.00, 0.51, -8.00, 55, 65, 65, 87
> 20.00, 5.89, -8.00, 68, 78, 52, 74
l44
Out of process cmd: l44
4
LIFT: l44
> 20.00, 8.00, -5.58, 72, 82, 50, 72
> 20.00, 8.00, -7.51, 73, 81, 51, 71
> 20.00, 8.00, -0.25, 76, 78, 54, 68
> 20.00, 8.00, -7.46, 73, 81, 51, 71
> 20.00, -0.96, -5.54, 67, 71, 61, 77
> 20.00, 0.67, -8.00, 64, 74, 58, 80
> 20.00, 6.93, 0.98, 78, 72, 60, 66
> 20.00, 3.99, 2.74, 77, 67, 65, 67
> 20.00, 7.81, -2.63, 77, 75, 57, 67
> 20.00, 4.62, 0.50, 76, 70, 62, 68
> 20.00, 8.00, -1.23, 79, 75, 57, 65
> 20.00, 8.00, -8.00, 72, 82, 50, 72
l45
Out of process cmd: l45
4
LIFT: l45
> 20.00, 4.86, -8.00, 69, 79, 55, 77
> 20.00, 8.00, -7.49, 74, 82, 52, 72
> 20.00, 8.00, -8.00, 73, 83, 51, 73
> 20.00, 8.00, -5.35, 73, 83, 51, 73
> 20.00, -5.37, -8.00, 57, 67, 67, 89
> 20.00, 8.00, 3.97, 89, 67, 67, 57
> 20.00, 8.00, -4.20, 77, 79, 55, 69
> 20.00, 8.00, -8.00, 73, 83, 51, 73
> 20.00, -1.65, -8.00, 64, 74, 60, 82
> 20.00, -2.29, -7.60, 64, 72, 62, 82
> 20.00, 8.00, -8.00, 73, 83, 51, 73
> 20.00, 8.00, 8.00, 89, 67, 67, 57
> -20.00, 8.00, -8.00, 67, 89, 57, 67
FIFO overflow!
> 20.00, 8.00, -8.00, 73, 83, 51, 73
> 20.00, 0.74, -8.00, 65, 75, 59, 81
> 20.00, 8.00, -8.00, 73, 83, 51, 73
> 20.00, 5.35, -8.00, 70, 80, 54, 76
> 20.00, -8.00, -8.00, 57, 67, 67, 89
> 20.00, 8.00, 0.71, 81, 75, 59, 65
> 20.00, 8.00, 3.73, 84, 72, 62, 62
f
Out of process cmd: f
6
FSTOP
> 20.00, 7.38, -7.59, 36, 30, 14, 20
l46
Out of process cmd: l46
4
LIFT: l46
> 19.50, 6.32, -8.00, 82, 76, 60, 66
> 18.94, 7.56, -6.59, 82, 76, 60, 66
ac
Out of process cmd: ac
13
ATTITUDE CONTROL ENABLED
> 20.00, 5.14, -0.12, 80, 78, 58, 68
> 20.00, -6.00, -8.00, 61, 71, 65, 87
> 20.00, 8.00, 8.00, 90, 68, 68, 58
> 20.00, -3.24, -8.00, 58, 68, 68, 90
> 20.00, -8.00, -8.00, 58, 68, 68, 90
> 20.00, -8.00, -8.00, 58, 68, 68, 90
> 20.00, -0.01, -8.00, 73, 83, 53, 75
> 20.00, -8.00, -8.00, 66, 76, 60, 82
> 20.00, -8.00, -8.00, 58, 68, 68, 90
l47
Out of process cmd: l47
4
LIFT: l47
> 20.00, 7.93, -8.00, 74, 84, 54, 76
> 20.00, 7.18, -8.00, 74, 84, 54, 76
> 20.00, -1.39, -8.00, 66, 76, 62, 84
> -20.00, 8.00, -8.00, 69, 91, 59, 69
Stuck within the pid loop, resetting and bailing out.
FSTOP
Initializing I2C devices...
Testing device connections...
MPU6050 connection successful

Send any character to begin DMP programming and demo: 
Initializing DMP...
Enabling DMP...
Enabling interrupt detection (Arduino external interrupt 0)...
DMP ready! Waiting for first interrupt...
> 0.00, 0.00, 0.00, 16, 28, 28, 28
> 20.00, -8.00, 8.00, 16, 28, 28, 28
> 20.00, -8.00, 8.00, 16, 28, 28, 28
> 20.00, -8.00, 8.00, 16, 28, 28, 28
> 20.00, -8.00, 8.00, 16, 28, 28, 28
> 20.00, -8.00, 8.00, 16, 28, 28, 28
ac
Out of process cmd: ac
13
ATTITUDE CONTROL ENABLED
> 13.31, 3.89, -8.00, 22, 34, 12, 32
> 7.43, 7.00, -8.00, 26, 40, 8, 26
> 2.81, 8.00, -8.00, 25, 41, 9, 25
l45
Out of process cmd: l45
4
LIFT: l45
> -18.11, -8.00, -8.00, 51, 73, 73, 83
> 20.00, 8.00, 8.00, 89, 67, 67, 57
> 20.00, -8.00, -8.00, 57, 67, 67, 89
> 20.00, 4.03, -8.00, 73, 83, 51, 73
> 20.00, 1.09, -8.00, 64, 74, 60, 82
l43
Out of process cmd: l43
4
LIFT: l43
> 20.00, 8.00, -8.00, 71, 81, 49, 71
> 20.00, 0.17, -8.00, 67, 77, 53, 75
> 20.00, 8.00, -8.00, 71, 81, 49, 71
> 20.00, 8.00, 8.00, 87, 65, 65, 55
> 20.00, 8.00, -8.00, 71, 81, 49, 71
> 20.00, 8.00, -8.00, 71, 81, 49, 71
> 20.00, 8.00, 8.00, 87, 65, 65, 55
> 20.00, 8.00, -8.00, 71, 81, 49, 71
> 20.00, 8.00, -8.00, 71, 81, 49, 71
> 20.00, 8.00, 2.36, 87, 65, 65, 55
> 20.00, 8.00, -8.00, 71, 81, 49, 71
> 20.00, -0.09, -8.00, 55, 65, 65, 87
> 20.00, -7.34, -8.00, 60, 70, 60, 82
> 20.00, -8.00, -8.00, 55, 65, 65, 87
> 20.00, 8.00, -8.00, 73, 79, 51, 69
> 20.00, -8.00, -8.00, 71, 81, 49, 71
> 20.00, 8.00, -8.00, 71, 81, 49, 71
> 20.00, -6.45, -8.00, 57, 67, 63, 85
> 20.00, 8.00, 8.00, 79, 73, 57, 63
> 20.00, 8.00, -4.26, 82, 70, 60, 60
> 20.00, 8.00, -8.00, 71, 81, 49, 71
> 20.00, 8.00, 1.88, 77, 75, 55, 65
> 20.00, 8.00, 4.75, 83, 69, 61, 59
> 20.00, 8.00, -5.32, 74, 78, 52, 68
> 20.00, 8.00, -8.00, 71, 81, 49, 71
> 20.00, 8.00, -8.00, 71, 81, 49, 71
> 20.00, -6.56, -8.00, 57, 67, 63, 85
> 20.00, 8.00, 5.60, 84, 68, 62, 58
l44
Out of process cmd: l44
4
LIFT: l44
> 20.00, -8.00, -7.56, 57, 65, 67, 87
> 20.00, 8.00, -8.00, 72, 82, 50, 72
> 20.00, 8.00, -8.00, 72, 82, 50, 72
> 20.00, 8.00, 8.00, 88, 66, 66, 56
> 20.00, -2.29, 8.00, 78, 56, 76, 66
> 20.00, 8.00, -8.00, 88, 66, 66, 56
> 20.00, 8.00, 8.00, 88, 66, 66, 56
> 20.00, 8.00, 8.00, 88, 66, 66, 56
> 20.00, 8.00, 8.00, 88, 66, 66, 56
> 20.00, 8.00, 8.00, 85, 69, 63, 59
> 20.00, -0.77, -8.00, 71, 81, 51, 73
> 20.00, -0.34, -8.00, 64, 74, 58, 80
> 20.00, -8.00, -8.00, 56, 66, 66, 88
> 20.00, 3.43, -8.00, 67, 77, 55, 77
> 20.00, 8.00, 8.00, 88, 66, 66, 56
> 20.00, 8.00, 8.00, 88, 66, 66, 56
> 20.00, 8.00, -8.00, 72, 82, 50, 72
> 20.00, 8.00, 5.32, 85, 69, 63, 59
> 20.00, -8.00, -8.00, 56, 66, 66, 88
> 20.00, 8.00, 8.00, 88, 66, 66, 56
> 20.00, 8.00, -8.00, 72, 82, 50, 72
> 20.00, 8.00, -4.58, 72, 82, 50, 72
> 20.00, 8.00, -8.00, 72, 82, 50, 72
> 20.00, 8.00, 3.10, 83, 71, 61, 61
> 20.00, 8.00, -8.00, 72, 82, 50, 72
> 20.00, -2.05, -8.00, 67, 77, 55, 77
> 20.00, 8.00, -8.00, 72, 82, 50, 72
> 20.00, 8.00, 8.00, 88, 66, 66, 56
> 20.00, 8.00, -8.00, 65, 75, 57, 79
> 20.00, -4.23, -8.00, 56, 66, 66, 88
> 20.00, 8.00, -8.00, 72, 82, 50, 72
> 20.00, 8.00, 8.00, 81, 73, 59, 63
> 20.00, 8.00, 8.00, 88, 66, 66, 56
> 20.00, 8.00, -8.00, 72, 82, 50, 72
> 20.00, 8.00, -6.20, 72, 82, 50, 72
> 20.00, 8.00, -8.00, 72, 82, 50, 72
> 20.00, -6.87, -8.00, 70, 80, 52, 74
> 20.00, 8.00, -8.00, 72, 82, 50, 72
> 20.00, 8.00, 8.00, 88, 66, 66, 56
> 20.00, 6.73, -8.00, 70, 80, 52, 74
> 20.00, -1.95, -8.00, 59, 69, 63, 85
> 20.00, 8.00, -0.37, 77, 77, 55, 67
l45
Out of process cmd: l45
4
LIFT: l45
> 20.00, 6.65, -8.00, 69, 79, 55, 77
> 20.00, 8.00, -8.00, 73, 83, 51, 73
> 20.00, 8.00, -3.13, 78, 78, 56, 68
> 20.00, 8.00, -8.00, 71, 81, 53, 75
> 20.00, -8.00, -8.00, 57, 67, 67, 89
> 20.00, 8.00, 3.08, 84, 72, 62, 62
> 20.00, -8.00, -8.00, 57, 67, 67, 89
> 20.00, 8.00, -8.00, 73, 83, 51, 73
l42
Out of process cmd: l42
4
LIFT: l42
> 20.00, 8.00, -8.00, 70, 80, 48, 70
> 20.00, 4.44, -8.00, 70, 80, 48, 70
> 20.00, 8.00, -8.00, 70, 80, 48, 70
> 20.00, 8.00, -8.00, 86, 64, 64, 54
> 20.00, 8.00, 8.00, 86, 64, 64, 54
> 20.00, 8.00, -8.00, 70, 80, 48, 70
> 20.00, -8.00, -8.00, 54, 64, 64, 86
> 20.00, 8.00, -8.00, 70, 80, 48, 70
> 20.00, 8.00, 8.00, 86, 64, 64, 54
> 20.00, 8.00, -8.00, 70, 80, 48, 70
> 20.00, 8.00, -8.00, 70, 80, 48, 70
> 20.00, 8.00, -8.00, 70, 80, 48, 70
> 20.00, 8.00, -8.00, 70, 80, 48, 70
> 20.00, 8.00, 0.53, 86, 64, 64, 54
> -20.00, 8.00, 8.00, 80, 70, 70, 48
> -20.00, 8.00, -7.56, 64, 86, 54, 64
> -20.00, 8.00, -6.01, 79, 71, 69, 49
> -20.00, 8.00, -8.00, 64, 86, 54, 64
> -20.00, 8.00, -8.00, 62, 84, 56, 66
> -20.00, 8.00, -5.87, 79, 71, 69, 49
> -20.00, 8.00, 8.00, 80, 70, 70, 48
> -20.00, 8.00, -8.00, 64, 86, 54, 64
> -20.00, 8.00, 1.25, 64, 86, 54, 64
> -20.00, 8.00, -8.00, 64, 86, 54, 64
> -20.00, 8.00, -8.00, 64, 86, 54, 64
> -20.00, 8.00, -8.00, 64, 86, 54, 64
> -20.00, 8.00, -8.00, 64, 86, 54, 64
> -20.00, 8.00, -8.00, 64, 86, 54, 64
> -20.00, 8.00, -8.00, 64, 86, 54, 64
> -17.52, 8.00, -8.00, 65, 85, 53, 65
> -16.40, 8.00, -8.00, 65, 85, 53, 65
> -10.51, 8.00, -8.00, 65, 85, 53, 65
> 9.05, 8.00, -2.40, 68, 82, 50, 68
> 12.60, 8.00, -8.00, 69, 81, 49, 69
> 16.04, 8.00, -8.00, 69, 81, 49, 69
> 20.00, 8.00, -8.00, 70, 80, 48, 70
> 20.00, 8.00, -8.00, 70, 80, 48, 70
> 20.00, 8.00, -8.00, 70, 80, 48, 70
> 20.00, 8.00, -8.00, 70, 80, 48, 70
> 20.00, 8.00, -8.00, 70, 80, 48, 70
> 20.00, 8.00, -8.00, 70, 80, 48, 70
> 20.00, 8.00, -8.00, 70, 80, 48, 70
> 20.00, 8.00, -8.00, 70, 80, 48, 70
> 20.00, 8.00, -8.00, 70, 80, 48, 70
> 20.00, 8.00, -8.00, 70, 80, 48, 70
> 20.00, 8.00, -8.00, 70, 80, 48, 70
l44
Out of process cmd: l44
4
LIFT: l44
> 20.00, 8.00, -8.00, 73, 81, 51, 71
> 20.00, 8.00, -8.00, 80, 74, 58, 64
> 20.00, 8.00, -8.00, 72, 82, 50, 72
> 20.00, 8.00, 3.88, 72, 82, 50, 72
> 20.00, 8.00, -8.00, 61, 71, 61, 83
> 20.00, -8.00, -8.00, 62, 72, 60, 82
> 20.00, 8.00, -6.08, 74, 80, 52, 70
> 20.00, 8.00, -8.00, 85, 69, 63, 59
> 20.00, 8.00, -8.00, 71, 81, 51, 73
> 20.00, 8.00, -8.00, 72, 82, 50, 72
> 20.00, -8.00, -8.00, 56, 66, 66, 88
> 20.00, 8.00, -8.00, 72, 82, 50, 72
> 20.00, 8.00, -8.00, 72, 82, 50, 72
> 20.00, 8.00, -8.00, 72, 82, 50, 72
> 20.00, 8.00, -1.48, 79, 75, 57, 65
> 20.00, 8.00, -8.00, 72, 82, 50, 72
> 20.00, 8.00, -8.00, 72, 82, 50, 72
> 20.00, 8.00, 8.00, 72, 82, 50, 72
> 20.00, 8.00, -8.00, 72, 82, 50, 72
> 20.00, 8.00, 7.59, 87, 67, 65, 57
> 20.00, 8.00, 3.59, 83, 71, 61, 61
> 20.00, 8.00, -8.00, 72, 82, 50, 72
> 20.00, -8.00, 8.00, 72, 50, 82, 72
> 20.00, 8.00, -8.00, 72, 82, 50, 72
> 20.00, 8.00, -8.00, 72, 82, 50, 72
> 20.00, 1.18, 3.35, 76, 64, 68, 68
> 20.00, 8.00, 7.19, 85, 69, 63, 59
> 20.00, 8.00, -8.00, 72, 82, 50, 72
> 20.00, 8.00, -8.00, 72, 82, 50, 72
> 20.00, 8.00, -8.00, 72, 82, 50, 72
> 20.00, 8.00, -8.00, 62, 72, 60, 82
> 20.00, -7.91, -8.00, 71, 81, 51, 73
> 20.00, 4.80, -8.00, 68, 78, 54, 76
> 20.00, 8.00, -8.00, 72, 82, 50, 72
> 20.00, 8.00, -8.00, 72, 82, 50, 72
> 20.00, -8.00, -8.00, 56, 66, 66, 88
> 20.00, 8.00, -6.68, 67, 77, 55, 77
l45
Out of process cmd: l45
4
LIFT: l45
> 20.00, 8.00, -8.00, 81, 75, 59, 65
> 20.00, -8.00, -8.00, 57, 67, 67, 89
> 20.00, -8.00, -8.00, 57, 67, 67, 89
> 20.00, 8.00, -8.00, 73, 83, 51, 73
> 20.00, 8.00, -8.00, 57, 67, 67, 89
> 20.00, 8.00, 8.00, 73, 83, 51, 73
> 20.00, 8.00, -8.00, 73, 83, 51, 73
> 20.00, 8.00, 8.00, 83, 73, 61, 63
> 20.00, -8.00, -8.00, 57, 67, 67, 89
> 20.00, 8.00, 8.00, 86, 70, 64, 60
> 20.00, 8.00, -8.00, 74, 82, 52, 72
> 20.00, 8.00, -8.00, 73, 83, 51, 73
> 20.00, 8.00, 6.60, 73, 83, 51, 73
> 20.00, 8.00, -8.00, 73, 83, 51, 73
> 20.00, 8.00, -8.00, 73, 83, 51, 73
> 20.00, -7.66, -8.00, 58, 68, 66, 88
> 20.00, 8.00, -8.00, 73, 83, 51, 73
> 20.00, -3.37, -8.00, 57, 67, 67, 89
> 20.00, 8.00, -8.00, 73, 83, 51, 73
> 20.00, 8.00, -8.00, 73, 83, 51, 73
> 20.00, 8.00, -8.00, 73, 83, 51, 73
> 20.00, 8.00, 8.00, 87, 69, 65, 59
> 20.00, 8.00, -8.00, 73, 83, 51, 73
> 20.00, 8.00, -8.00, 73, 83, 51, 73
> 20.00, 8.00, -8.00, 73, 83, 51, 73
> 20.00, 8.00, -8.00, 73, 83, 51, 73
> 20.00, 8.00, -8.00, 73, 83, 51, 73
> 20.00, -8.00, -8.00, 57, 67, 67, 89
> 20.00, 8.00, 8.00, 89, 67, 67, 57
> 20.00, 8.00, 8.00, 89, 67, 67, 57
> 20.00, 4.22, -4.89, 73, 75, 59, 73
> 20.00, 8.00, -8.00, 73, 83, 51, 73
> 20.00, 8.00, -8.00, 73, 83, 51, 73
> 20.00, 8.00, 1.27, 82, 74, 60, 64
> 20.00, 8.00, -8.00, 73, 83, 51, 73
> 20.00, 8.00, -8.00, 73, 83, 51, 73
> 20.00, 8.00, 8.00, 89, 67, 67, 57
> 20.00, 8.00, -8.00, 73, 83, 51, 73
> 20.00, -3.37, -8.00, 62, 72, 62, 84
> 20.00, 8.00, -8.00, 73, 83, 51, 73
> 20.00, 8.00, -8.00, 73, 83, 51, 73
> 20.00, 8.00, -8.00, 73, 83, 51, 73
> 20.00, 8.00, 8.00, 89, 67, 67, 57
> 20.00, 5.68, -8.00, 70, 80, 54, 76
> 20.00, 8.00, -8.00, 73, 83, 51, 73
> 20.00, 8.00, -8.00, 73, 83, 51, 73
> 20.00, 8.00, -8.00, 73, 83, 51, 73
> 20.00, 3.69, -8.00, 66, 76, 58, 80
> 20.00, 8.00, -8.00, 73, 83, 51, 73
> 20.00, 8.00, -8.00, 73, 83, 51, 73
> 20.00, 1.77, -8.00, 69, 79, 55, 77
> 20.00, 8.00, -8.00, 73, 83, 51, 73
> 20.00, 8.00, -8.00, 73, 83, 51, 73
> 20.00, 8.00, -8.00, 73, 83, 51, 73
> 20.00, -8.00, -8.00, 57, 67, 67, 89
> 20.00, 8.00, 8.00, 84, 72, 62, 62
> 20.00, 8.00, -8.00, 73, 83, 51, 73
> 20.00, 8.00, -8.00, 73, 83, 51, 73
> 20.00, 8.00, -8.00, 57, 67, 67, 89
> 20.00, 8.00, -8.00, 73, 83, 51, 73
> 20.00, 8.00, -8.00, 73, 83, 51, 73
> 20.00, 8.00, -8.00, 73, 83, 51, 73
> 20.00, 8.00, -8.00, 73, 83, 51, 73
> 20.00, 8.00, -8.00, 73, 83, 51, 73
> 20.00, 5.15, -8.00, 70, 80, 54, 76
> 20.00, 8.00, -8.00, 73, 83, 51, 73
> 20.00, 8.00, 6.06, 87, 69, 65, 59
> 20.00, 8.00, -8.00, 73, 83, 51, 73
> 20.00, 8.00, -8.00, 67, 77, 57, 79
> 20.00, 6.02, -8.00, 71, 81, 53, 75
> 20.00, 8.00, 8.00, 89, 67, 67, 57
> 20.00, 8.00, -8.00, 73, 83, 51, 73
> 20.00, -0.05, -8.00, 73, 83, 51, 73
> 20.00, 8.00, -8.00, 73, 83, 51, 73
> 20.00, -7.19, -8.00, 63, 73, 61, 83
> 20.00, 8.00, 8.00, 89, 67, 67, 57
> 20.00, 8.00, -8.00, 73, 83, 51, 73
> 20.00, 8.00, -5.64, 75, 81, 53, 71
> 20.00, 8.00, -5.52, 76, 80, 54, 70
> 20.00, 8.00, 8.00, 89, 67, 67, 57
> 20.00, 8.00, -8.00, 73, 83, 51, 73
> 20.00, 8.00, -8.00, 73, 83, 51, 73
> 20.00, 8.00, -7.04, 81, 75, 59, 65
> 20.00, 8.00, -6.59, 75, 81, 53, 71
> 20.00, 8.00, 4.67, 73, 83, 51, 73
> 20.00, 8.00, -8.00, 73, 83, 51, 73
> 20.00, -8.00, -8.00, 57, 67, 67, 89
> -20.00, 8.00, -0.91, 74, 82, 64, 60
> -20.00, 8.00, 8.00, 83, 73, 73, 51
> -20.00, 8.00, 8.00, 83, 73, 73, 51
> -20.00, 8.00, 8.00, 83, 73, 73, 51
> -20.00, 8.00, -8.00, 67, 89, 57, 67
> -20.00, 8.00, -8.00, 63, 85, 61, 71
> -20.00, 8.00, -8.00, 69, 87, 59, 65
> -20.00, 8.00, 2.09, 77, 79, 67, 57
> -20.00, 8.00, 6.03, 83, 73, 73, 51
> -20.00, 8.00, 8.00, 83, 73, 73, 51
> -20.00, 8.00, -0.86, 75, 81, 65, 59
> -20.00, 8.00, -8.00, 67, 89, 57, 67
> -20.00, 8.00, 8.00, 83, 73, 73, 51
> -20.00, 8.00, -8.00, 67, 89, 57, 67
> -20.00, 8.00, 8.00, 69, 87, 59, 65
> -20.00, 8.00, 5.03, 83, 73, 73, 51
> 6.98, 8.00, -8.00, 71, 85, 53, 71
> -2.12, -3.32, -8.00, 60, 78, 64, 78
> 20.00, 8.00, -8.00, 65, 75, 59, 81
> 20.00, 8.00, -4.23, 77, 79, 55, 69
> 20.00, 8.00, -8.00, 73, 83, 51, 73
> 20.00, 8.00, 8.00, 89, 67, 67, 57
> 20.00, -6.56, -8.00, 73, 83, 51, 73
> 20.00, 8.00, -8.00, 75, 81, 53, 71
> 20.00, 8.00, -8.00, 73, 83, 51, 73
> 20.00, 8.00, -8.00, 69, 79, 55, 77
> 20.00, 8.00, -8.00, 73, 83, 51, 73
> 20.00, 8.00, -8.00, 73, 83, 51, 73
> 20.00, -0.77, -8.00, 66, 76, 58, 80
> 20.00, 8.00, -8.00, 73, 83, 51, 73
> 20.00, 8.00, -8.00, 73, 83, 51, 73
> 20.00, 8.00, -8.00, 73, 83, 51, 73
> 20.00, 8.00, -8.00, 73, 83, 51, 73
> 20.00, 8.00, -8.00, 73, 83, 51, 73
> 20.00, 8.00, -8.00, 73, 83, 51, 73
> 20.00, 8.00, 6.01, 87, 69, 65, 59
> 20.00, 8.00, -8.00, 73, 83, 51, 73
> 20.00, -7.44, -8.00, 58, 68, 66, 88
> 20.00, 8.00, -6.26, 73, 83, 51, 73
> 20.00, 8.00, -4.06, 73, 83, 51, 73
> 20.00, -7.42, -8.00, 57, 67, 67, 89
> 20.00, 8.00, -8.00, 75, 81, 53, 71
> 20.00, 8.00, -8.00, 73, 83, 51, 73
> 20.00, -4.92, -8.00, 61, 71, 63, 85
> 20.00, 8.00, 7.37, 89, 67, 67, 57
> 20.00, 8.00, -8.00, 73, 83, 51, 73
> 20.00, -0.51, -8.00, 65, 75, 59, 81
> 20.00, 8.00, 1.06, 77, 79, 55, 69
> 20.00, 8.00, -8.00, 73, 83, 51, 73
> 20.00, 8.00, -8.00, 73, 83, 51, 73
> 20.00, -8.00, -8.00, 57, 67, 67, 89
> 20.00, 8.00, -8.00, 88, 68, 66, 58
> 20.00, 8.00, -4.31, 77, 79, 55, 69
> 20.00, 4.23, -6.13, 71, 77, 57, 75
> 20.00, 8.00, 3.48, 81, 75, 59, 65
> 20.00, 8.00, -8.00, 73, 83, 51, 73
> 20.00, 8.00, 7.19, 73, 51, 83, 73
> 20.00, -8.00, -8.00, 65, 75, 59, 81
> 20.00, 8.00, 1.89, 82, 74, 60, 64
> 20.00, 8.00, -8.00, 73, 83, 51, 73
> 20.00, 6.45, -8.00, 71, 81, 53, 75
> 20.00, 8.00, -8.00, 60, 68, 66, 86
> 20.00, 8.00, 0.04, 83, 73, 61, 63
> 20.00, 8.00, -8.00, 73, 83, 51, 73
> 20.00, 8.00, -8.00, 73, 83, 51, 73
> 20.00, 8.00, -8.00, 73, 83, 51, 73
> 20.00, 8.00, -8.00, 73, 83, 51, 73
> 20.00, 8.00, -8.00, 73, 83, 51, 73
> 20.00, 8.00, -8.00, 73, 83, 51, 73
> 20.00, 8.00, -8.00, 73, 83, 51, 73
> 20.00, 8.00, -8.00, 73, 83, 51, 73
> 20.00, 8.00, -8.00, 73, 83, 51, 73
> 20.00, 8.00, -8.00, 73, 83, 51, 73
> 20.00, 8.00, -8.00, 73, 83, 51, 73
> 20.00, 8.00, -8.00, 73, 83, 51, 73
> 20.00, 8.00, -8.00, 73, 83, 51, 73
> 20.00, 8.00, -8.00, 73, 83, 51, 73
> 20.00, 8.00, -8.00, 73, 83, 51, 73
> 20.00, 8.00, -8.00, 73, 83, 51, 73
> 20.00, 8.00, -8.00, 73, 83, 51, 73
> 20.00, 8.00, -8.00, 73, 83, 51, 73
> 20.00, 8.00, -8.00, 73, 83, 51, 73
> 20.00, 8.00, -8.00, 73, 83, 51, 73
> 20.00, 8.00, -8.00, 79, 77, 57, 67
> 20.00, 8.00, -8.00, 73, 83, 51, 73
> 20.00, 8.00, -8.00, 73, 83, 51, 73
> 20.00, 8.00, -8.00, 73, 83, 51, 73
> 20.00, 8.00, -8.00, 73, 83, 51, 73
> 20.00, 8.00, -8.00, 73, 83, 51, 73
> 20.00, 8.00, -8.00, 73, 83, 51, 73
> 20.00, 8.00, -8.00, 81, 75, 59, 65
> 20.00, 8.00, -8.00, 73, 83, 51, 73
> 20.00, 8.00, -8.00, 73, 83, 51, 73
> 20.00, 8.00, -8.00, 73, 83, 51, 73
> 20.00, 8.00, -8.00, 73, 83, 51, 73
> 20.00, 8.00, -8.00, 73, 83, 51, 73
> 20.00, 8.00, -8.00, 73, 83, 51, 73
> 20.00, 8.00, -8.00, 73, 83, 51, 73
> 20.00, 8.00, -8.00, 73, 83, 51, 73
> 20.00, 8.00, -8.00, 73, 83, 51, 73
> 20.00, 8.00, -7.32, 74, 82, 52, 72
> 20.00, 8.00, -8.00, 73, 83, 51, 73
> 20.00, 8.00, -8.00, 73, 83, 51, 73
> 20.00, 8.00, -8.00, 73, 83, 51, 73
> 20.00, 8.00, -8.00, 73, 83, 51, 73
> 20.00, 8.00, -8.00, 73, 83, 51, 73
> 20.00, 8.00, -8.00, 73, 83, 51, 73
> 20.00, 8.00, -8.00, 73, 83, 51, 73
> 20.00, 8.00, -8.00, 73, 83, 51, 73
> 20.00, 8.00, -8.00, 73, 83, 51, 73
> 20.00, 8.00, -8.00, 73, 83, 51, 73
> 20.00, 8.00, -8.00, 73, 83, 51, 73
> 20.00, 8.00, -8.00, 73, 83, 51, 73
> 20.00, 8.00, -8.00, 73, 83, 51, 73
> 20.00, 8.00, -8.00, 73, 83, 51, 73
> 20.00, 8.00, -8.00, 73, 83, 51, 73
> 20.00, 8.00, -8.00, 73, 83, 51, 73
> 20.00, 8.00, -8.00, 73, 83, 51, 73
> 20.00, 8.00, -8.00, 73, 83, 51, 73
> 20.00, 8.00, -8.00, 73, 83, 51, 73
> 20.00, 8.00, -8.00, 73, 83, 51, 73
> 20.00, 8.00, -8.00, 73, 83, 51, 73
> 20.00, 8.00, -8.00, 73, 83, 51, 73
> 20.00, 8.00, -8.00, 73, 83, 51, 73
> 20.00, 8.00, -8.00, 73, 83, 51, 73
> 20.00, 8.00, -8.00, 73, 83, 51, 73
> 20.00, 8.00, -8.00, 73, 83, 51, 73
> 20.00, 8.00, -8.00, 73, 83, 51, 73
> 20.00, 8.00, -8.00, 73, 83, 51, 73
> 20.00, 8.00, -8.00, 73, 83, 51, 73
> 20.00, 8.00, -8.00, 73, 83, 51, 73
> 20.00, 8.00, -8.00, 73, 83, 51, 73
> 20.00, 8.00, -8.00, 73, 83, 51, 73
> 20.00, 8.00, -8.00, 73, 83, 51, 73
> 20.00, 8.00, -8.00, 73, 83, 51, 73
> 20.00, 8.00, -8.00, 73, 83, 51, 73
> 20.00, 8.00, -8.00, 73, 83, 51, 73
> 20.00, 8.00, -8.00, 73, 83, 51, 73
> 20.00, 8.00, -8.00, 73, 83, 51, 73
> 20.00, 8.00, -8.00, 73, 83, 51, 73
> 20.00, 8.00, -8.00, 73, 83, 51, 73
> 20.00, 8.00, -8.00, 73, 83, 51, 73
> 20.00, 8.00, -8.00, 73, 83, 51, 73
> 20.00, 8.00, -8.00, 73, 83, 51, 73
> 20.00, 8.00, -8.00, 73, 83, 51, 73
> 20.00, 8.00, -8.00, 73, 83, 51, 73
> 20.00, 8.00, -8.00, 73, 83, 51, 73
> 20.00, 8.00, -8.00, 73, 83, 51, 73
> 20.00, 8.00, -8.00, 73, 83, 51, 73
> 20.00, 8.00, -8.00, 73, 83, 51, 73
> 20.00, 8.00, -8.00, 73, 83, 51, 73
l45
Out of process cmd: l45
4
LIFT: l45
> 20.00, 8.00, -8.00, 73, 83, 51, 73
> 20.00, 8.00, -8.00, 73, 83, 51, 73
l50
Out of process cmd: l50
4
LIFT: l50
> 20.00, 8.00, -8.00, 78, 88, 56, 78
> 20.00, 8.00, -8.00, 78, 88, 56, 78
> 20.00, 8.00, -8.00, 78, 88, 56, 78
> 20.00, 8.00, -8.00, 78, 88, 56, 78
> 20.00, 8.00, -8.00, 78, 88, 56, 78
> 20.00, 8.00, -8.00, 78, 88, 56, 78
l55
Out of process cmd: l55
4
LIFT: l55
> 20.00, 8.00, -8.00, 83, 93, 61, 83
> 20.00, 8.00, -8.00, 83, 93, 61, 83
> 20.00, 8.00, -8.00, 83, 93, 61, 83
> 20.00, 8.00, -8.00, 83, 93, 61, 83
> 20.00, 8.00, -8.00, 83, 93, 61, 83
> 20.00, 8.00, -8.00, 83, 93, 61, 83
l60
Out of process cmd: l60
4
LIFT: l60
> 20.00, 8.00, -8.00, 88, 98, 66, 88
> 20.00, 8.00, -8.00, 88, 98, 66, 88
> 20.00, 8.00, -8.00, 88, 98, 66, 88
> 20.00, 8.00, -8.00, 88, 98, 66, 88
> 20.00, 8.00, -8.00, 88, 98, 66, 88
> 20.00, 8.00, -8.00, 88, 98, 66, 88
> 20.00, 8.00, -8.00, 88, 98, 66, 88
> 20.00, 8.00, -8.00, 88, 98, 66, 88
> 20.00, 8.00, -8.00, 88, 98, 66, 88
> 20.00, 8.00, -8.00, 88, 98, 66, 88
> 20.00, 8.00, -8.00, 88, 98, 66, 88
f
Out of process cmd: f
6
FSTOP
> 17.23, 6.34, -8.00, 28, 38, 6, 28
> 12.92, 8.00, -8.00, 28, 38, 6, 28
> 9.19, 7.49, -7.42, 28, 38, 6, 28
> 2.75, 8.00, -7.96, 28, 38, 6, 28
> -2.17, 8.00, -7.87, 28, 38, 6, 28
> -8.70, 8.00, -7.90, 28, 38, 6, 28
> -16.78, 8.00, -7.88, 28, 38, 6, 28

